Log file open, 02/07/18 14:03:42
LogWindows: Failed to load 'aqProf.dll' (GetLastError=126)
LogWindows: File 'aqProf.dll' does not exist
LogWindows: Failed to load 'VtuneApi.dll' (GetLastError=126)
LogWindows: File 'VtuneApi.dll' does not exist
LogWindows: Failed to load 'VtuneApi32e.dll' (GetLastError=126)
LogWindows: File 'VtuneApi32e.dll' does not exist
LogInit: Display: Running engine for game: ProjectEspionage
LogPlatformFile: Not using cached read wrapper
LogInit: Display: RandInit(-229786001) SRandInit(-229786001).
LogInit: Read version file with build ID '3709383'
LogInit: Overriding engine version to CL 3832480, compatible CL 3709383
LogInit: Registered custom module enumerator with build ID '3709383'
LogTaskGraph: Started task graph with 5 named threads and 14 total threads with 3 sets of task threads.
LogStats: Stats thread started at 0.770977
LogD3D11RHI: Aftermath initialized
LogModuleManager: Display: Found up-to-date module file ../../../Engine/Plugins/2D/Paper2D/Binaries/Win64/UE4Editor-Paper2D.dll (API version 3709383).
LogModuleManager: Display: Found up-to-date module file ../../../Engine/Plugins/2D/Paper2D/Binaries/Win64/UE4Editor-Paper2DEditor.dll (API version 3709383).
LogModuleManager: Display: Found up-to-date module file ../../../Engine/Plugins/2D/Paper2D/Binaries/Win64/UE4Editor-PaperSpriteSheetImporter.dll (API version 3709383).
LogModuleManager: Display: Found up-to-date module file ../../../Engine/Plugins/2D/Paper2D/Binaries/Win64/UE4Editor-PaperTiledImporter.dll (API version 3709383).
LogModuleManager: Display: Found up-to-date module file ../../../Engine/Plugins/2D/Paper2D/Binaries/Win64/UE4Editor-SmartSnapping.dll (API version 3709383).
LogModuleManager: Display: Found up-to-date module file ../../../Engine/Plugins/Blendables/LightPropagationVolume/Binaries/Win64/UE4Editor-LightPropagationVolumeRuntime.dll (API version 3709383).
LogModuleManager: Display: Found up-to-date module file ../../../Engine/Plugins/Blendables/LightPropagationVolume/Binaries/Win64/UE4Editor-LightPropagationVolumeEditor.dll (API version 3709383).
LogModuleManager: Display: Found up-to-date module file ../../../Engine/Plugins/Developer/GitSourceControl/Binaries/Win64/UE4Editor-GitSourceControl.dll (API version 3709383).
LogModuleManager: Display: Found up-to-date module file ../../../Engine/Plugins/Developer/PerforceSourceControl/Binaries/Win64/UE4Editor-PerforceSourceControl.dll (API version 3709383).
LogModuleManager: Display: Found up-to-date module file ../../../Engine/Plugins/Developer/SubversionSourceControl/Binaries/Win64/UE4Editor-SubversionSourceControl.dll (API version 3709383).
LogModuleManager: Display: Found up-to-date module file ../../../Engine/Plugins/Developer/UObjectPlugin/Binaries/Win64/UE4Editor-UObjectPlugin.dll (API version 3709383).
LogModuleManager: Display: Found up-to-date module file ../../../Engine/Plugins/Developer/VisualStudioCodeSourceCodeAccess/Binaries/Win64/UE4Editor-VisualStudioCodeSourceCodeAccess.dll (API version 3709383).
LogModuleManager: Display: Found up-to-date module file ../../../Engine/Plugins/Developer/VisualStudioSourceCodeAccess/Binaries/Win64/UE4Editor-VisualStudioSourceCodeAccess.dll (API version 3709383).
LogModuleManager: Display: Found up-to-date module file ../../../Engine/Plugins/Editor/AssetManagerEditor/Binaries/Win64/UE4Editor-AssetManagerEditor.dll (API version 3709383).
LogModuleManager: Display: Found up-to-date module file ../../../Engine/Plugins/Editor/AudioCapture/Binaries/Win64/UE4Editor-AudioCapture.dll (API version 3709383).
LogModuleManager: Display: Found up-to-date module file ../../../Engine/Plugins/Editor/FacialAnimation/Binaries/Win64/UE4Editor-FacialAnimation.dll (API version 3709383).
LogModuleManager: Display: Found up-to-date module file ../../../Engine/Plugins/Editor/FacialAnimation/Binaries/Win64/UE4Editor-FacialAnimationEditor.dll (API version 3709383).
LogModuleManager: Display: Found up-to-date module file ../../../Engine/Plugins/Editor/GameplayTagsEditor/Binaries/Win64/UE4Editor-GameplayTagsEditor.dll (API version 3709383).
LogModuleManager: Display: Found up-to-date module file ../../../Engine/Plugins/Editor/MobileLauncherProfileWizard/Binaries/Win64/UE4Editor-MobileLauncherProfileWizard.dll (API version 3709383).
LogModuleManager: Display: Found up-to-date module file ../../../Engine/Plugins/Editor/PluginBrowser/Binaries/Win64/UE4Editor-PluginBrowser.dll (API version 3709383).
LogModuleManager: Display: Found up-to-date module file ../../../Engine/Plugins/Editor/SpeedTreeImporter/Binaries/Win64/UE4Editor-SpeedTreeImporter.dll (API version 3709383).
LogModuleManager: Display: Found up-to-date module file ../../../Engine/Plugins/Experimental/AlembicImporter/Binaries/Win64/UE4Editor-AlembicImporter.dll (API version 3709383).
LogModuleManager: Display: Found up-to-date module file ../../../Engine/Plugins/Experimental/AlembicImporter/Binaries/Win64/UE4Editor-AlembicLibrary.dll (API version 3709383).
LogModuleManager: Display: Found up-to-date module file ../../../Engine/Plugins/Experimental/CharacterAI/Binaries/Win64/UE4Editor-CharacterAI.dll (API version 3709383).
LogModuleManager: Display: Found up-to-date module file ../../../Engine/Plugins/Experimental/HTML5Networking/Binaries/Win64/UE4Editor-HTML5Networking.dll (API version 3709383).
LogModuleManager: Display: Found up-to-date module file ../../../Engine/Plugins/Media/AndroidMedia/Binaries/Win64/UE4Editor-AndroidMediaEditor.dll (API version 3709383).
LogModuleManager: Display: Found up-to-date module file ../../../Engine/Plugins/Media/AndroidMedia/Binaries/Win64/UE4Editor-AndroidMediaFactory.dll (API version 3709383).
LogModuleManager: Display: Found up-to-date module file ../../../Engine/Plugins/Media/AvfMedia/Binaries/Win64/UE4Editor-AvfMediaEditor.dll (API version 3709383).
LogModuleManager: Display: Found up-to-date module file ../../../Engine/Plugins/Media/AvfMedia/Binaries/Win64/UE4Editor-AvfMediaFactory.dll (API version 3709383).
LogModuleManager: Display: Found up-to-date module file ../../../Engine/Plugins/Media/AvfMedia/Binaries/Win64/UE4Editor-AvfMediaFactory.dll (API version 3709383).
LogModuleManager: Display: Found up-to-date module file ../../../Engine/Plugins/Media/ImgMedia/Binaries/Win64/UE4Editor-ImgMedia.dll (API version 3709383).
LogModuleManager: Display: Found up-to-date module file ../../../Engine/Plugins/Media/ImgMedia/Binaries/Win64/UE4Editor-ImgMediaEditor.dll (API version 3709383).
LogModuleManager: Display: Found up-to-date module file ../../../Engine/Plugins/Media/ImgMedia/Binaries/Win64/UE4Editor-ImgMediaFactory.dll (API version 3709383).
LogModuleManager: Display: Found up-to-date module file ../../../Engine/Plugins/Media/ImgMedia/Binaries/Win64/UE4Editor-ImgMediaFactory.dll (API version 3709383).
LogModuleManager: Display: Found up-to-date module file ../../../Engine/Plugins/Media/ImgMedia/Binaries/Win64/UE4Editor-OpenExrWrapper.dll (API version 3709383).
LogModuleManager: Display: Found up-to-date module file ../../../Engine/Plugins/Media/MediaCompositing/Binaries/Win64/UE4Editor-MediaCompositing.dll (API version 3709383).
LogModuleManager: Display: Found up-to-date module file ../../../Engine/Plugins/Media/MediaCompositing/Binaries/Win64/UE4Editor-MediaCompositingEditor.dll (API version 3709383).
LogModuleManager: Display: Found up-to-date module file ../../../Engine/Plugins/Media/MediaPlayerEditor/Binaries/Win64/UE4Editor-MediaPlayerEditor.dll (API version 3709383).
LogModuleManager: Display: Found up-to-date module file ../../../Engine/Plugins/Media/WmfMedia/Binaries/Win64/UE4Editor-WmfMedia.dll (API version 3709383).
LogModuleManager: Display: Found up-to-date module file ../../../Engine/Plugins/Media/WmfMedia/Binaries/Win64/UE4Editor-WmfMediaEditor.dll (API version 3709383).
LogModuleManager: Display: Found up-to-date module file ../../../Engine/Plugins/Media/WmfMedia/Binaries/Win64/UE4Editor-WmfMediaFactory.dll (API version 3709383).
LogModuleManager: Display: Found up-to-date module file ../../../Engine/Plugins/Media/WmfMedia/Binaries/Win64/UE4Editor-WmfMediaFactory.dll (API version 3709383).
LogModuleManager: Display: Found up-to-date module file ../../../Engine/Plugins/Messaging/TcpMessaging/Binaries/Win64/UE4Editor-TcpMessaging.dll (API version 3709383).
LogModuleManager: Display: Found up-to-date module file ../../../Engine/Plugins/Messaging/UdpMessaging/Binaries/Win64/UE4Editor-UdpMessaging.dll (API version 3709383).
LogModuleManager: Display: Found up-to-date module file ../../../Engine/Plugins/MovieScene/ActorSequence/Binaries/Win64/UE4Editor-ActorSequence.dll (API version 3709383).
LogModuleManager: Display: Found up-to-date module file ../../../Engine/Plugins/MovieScene/LevelSequenceEditor/Binaries/Win64/UE4Editor-LevelSequenceEditor.dll (API version 3709383).
LogModuleManager: Display: Found up-to-date module file ../../../Engine/Plugins/MovieScene/MatineeToLevelSequence/Binaries/Win64/UE4Editor-MatineeToLevelSequence.dll (API version 3709383).
LogModuleManager: Display: Found up-to-date module file ../../../Engine/Plugins/Online/OnlineSubsystem/Binaries/Win64/UE4Editor-OnlineSubsystem.dll (API version 3709383).
LogModuleManager: Display: Found up-to-date module file ../../../Engine/Plugins/Runtime/AndroidPermission/Binaries/Win64/UE4Editor-AndroidPermission.dll (API version 3709383).
LogModuleManager: Display: Found up-to-date module file ../../../Engine/Plugins/Online/OnlineSubsystemNull/Binaries/Win64/UE4Editor-OnlineSubsystemNull.dll (API version 3709383).
LogModuleManager: Display: Found up-to-date module file ../../../Engine/Plugins/Online/OnlineSubsystemUtils/Binaries/Win64/UE4Editor-OnlineSubsystemUtils.dll (API version 3709383).
LogModuleManager: Display: Found up-to-date module file ../../../Engine/Plugins/Online/OnlineSubsystemUtils/Binaries/Win64/UE4Editor-OnlineBlueprintSupport.dll (API version 3709383).
LogModuleManager: Display: Found up-to-date module file ../../../Engine/Plugins/Runtime/AndroidDeviceProfileSelector/Binaries/Win64/UE4Editor-AndroidDeviceProfileSelector.dll (API version 3709383).
LogModuleManager: Display: Found up-to-date module file ../../../Engine/Plugins/Runtime/AppleARKit/Binaries/Win64/UE4Editor-AppleARKit.dll (API version 3709383).
LogModuleManager: Display: Found up-to-date module file ../../../Engine/Plugins/Runtime/ArchVisCharacter/Binaries/Win64/UE4Editor-ArchVisCharacter.dll (API version 3709383).
LogModuleManager: Display: Found up-to-date module file ../../../Engine/Plugins/Runtime/CableComponent/Binaries/Win64/UE4Editor-CableComponent.dll (API version 3709383).
LogModuleManager: Display: Found up-to-date module file ../../../Engine/Plugins/Runtime/CustomMeshComponent/Binaries/Win64/UE4Editor-CustomMeshComponent.dll (API version 3709383).
LogModuleManager: Display: Found up-to-date module file ../../../Engine/Plugins/Runtime/ExampleDeviceProfileSelector/Binaries/Win64/UE4Editor-ExampleDeviceProfileSelector.dll (API version 3709383).
LogModuleManager: Display: Found up-to-date module file ../../../Engine/Plugins/Runtime/ImmediatePhysics/Binaries/Win64/UE4Editor-ImmediatePhysics.dll (API version 3709383).
LogModuleManager: Display: Found up-to-date module file ../../../Engine/Plugins/Runtime/ImmediatePhysics/Binaries/Win64/UE4Editor-ImmediatePhysicsEditor.dll (API version 3709383).
LogModuleManager: Display: Found up-to-date module file ../../../Engine/Plugins/Runtime/LocationServicesBPLibrary/Binaries/Win64/UE4Editor-LocationServicesBPLibrary.dll (API version 3709383).
LogModuleManager: Display: Found up-to-date module file ../../../Engine/Plugins/Runtime/MobilePatchingUtils/Binaries/Win64/UE4Editor-MobilePatchingUtils.dll (API version 3709383).
LogModuleManager: Display: Found up-to-date module file ../../../Engine/Plugins/Runtime/Oculus/OculusVR/Binaries/Win64/UE4Editor-OculusHMD.dll (API version 3709383).
LogModuleManager: Display: Found up-to-date module file ../../../Engine/Plugins/Runtime/Oculus/OculusVR/Binaries/Win64/UE4Editor-OculusInput.dll (API version 3709383).
LogModuleManager: Display: Found up-to-date module file ../../../Engine/Plugins/Runtime/Oculus/OculusVR/Binaries/Win64/UE4Editor-OculusEditor.dll (API version 3709383).
LogModuleManager: Display: Found up-to-date module file ../../../Engine/Plugins/Runtime/PhysXVehicles/Binaries/Win64/UE4Editor-PhysXVehicles.dll (API version 3709383).
LogModuleManager: Display: Found up-to-date module file ../../../Engine/Plugins/Runtime/PhysXVehicles/Binaries/Win64/UE4Editor-PhysXVehiclesEditor.dll (API version 3709383).
LogModuleManager: Display: Found up-to-date module file ../../../Engine/Plugins/Runtime/ProceduralMeshComponent/Binaries/Win64/UE4Editor-ProceduralMeshComponent.dll (API version 3709383).
LogModuleManager: Display: Found up-to-date module file ../../../Engine/Plugins/Runtime/ProceduralMeshComponent/Binaries/Win64/UE4Editor-ProceduralMeshComponentEditor.dll (API version 3709383).
LogModuleManager: Display: Found up-to-date module file ../../../Engine/Plugins/Runtime/RuntimePhysXCooking/Binaries/Win64/UE4Editor-RuntimePhysXCooking.dll (API version 3709383).
LogModuleManager: Display: Found up-to-date module file ../../../Engine/Plugins/Runtime/Steam/SteamVR/Binaries/Win64/UE4Editor-SteamVR.dll (API version 3709383).
LogModuleManager: Display: Found up-to-date module file ../../../Engine/Plugins/Runtime/Steam/SteamVR/Binaries/Win64/UE4Editor-SteamVRController.dll (API version 3709383).
LogModuleManager: Display: Found up-to-date module file ../../../Engine/Plugins/Runtime/WindowsMoviePlayer/Binaries/Win64/UE4Editor-WindowsMoviePlayer.dll (API version 3709383).
LogPluginManager: Mounting plugin Paper2D
LogPluginManager: Mounting plugin LightPropagationVolume
LogPluginManager: Mounting plugin CodeLiteSourceCodeAccess
LogPluginManager: Mounting plugin GitSourceControl
LogPluginManager: Mounting plugin KDevelopSourceCodeAccess
LogPluginManager: Mounting plugin NullSourceCodeAccess
LogPluginManager: Mounting plugin PerforceSourceControl
LogPluginManager: Mounting plugin SubversionSourceControl
LogPluginManager: Mounting plugin UObjectPlugin
LogPluginManager: Mounting plugin VisualStudioCodeSourceCodeAccess
LogPluginManager: Mounting plugin VisualStudioSourceCodeAccess
LogPluginManager: Mounting plugin XCodeSourceCodeAccess
LogPluginManager: Mounting plugin AssetManagerEditor
LogPluginManager: Mounting plugin AudioCapture
LogPluginManager: Mounting plugin FacialAnimation
LogPluginManager: Mounting plugin GameplayTagsEditor
LogPluginManager: Mounting plugin MobileLauncherProfileWizard
LogPluginManager: Mounting plugin PluginBrowser
LogPluginManager: Mounting plugin SpeedTreeImporter
LogPluginManager: Mounting plugin AlembicImporter
LogPluginManager: Mounting plugin CharacterAI
LogPluginManager: Mounting plugin HTML5Networking
LogPluginManager: Mounting plugin AndroidMedia
LogPluginManager: Mounting plugin AvfMedia
LogPluginManager: Mounting plugin ImgMedia
LogPluginManager: Mounting plugin MediaCompositing
LogPluginManager: Mounting plugin MediaPlayerEditor
LogPluginManager: Mounting plugin WmfMedia
LogPluginManager: Mounting plugin TcpMessaging
LogPluginManager: Mounting plugin UdpMessaging
LogPluginManager: Mounting plugin ActorSequence
LogPluginManager: Mounting plugin LevelSequenceEditor
LogPluginManager: Mounting plugin MatineeToLevelSequence
LogPluginManager: Mounting plugin OnlineSubsystemGooglePlay
LogPluginManager: Mounting plugin OnlineSubsystemIOS
LogPluginManager: Mounting plugin OnlineSubsystem
LogPluginManager: Mounting plugin OnlineSubsystemNull
LogPluginManager: Mounting plugin OnlineSubsystemUtils
LogPluginManager: Mounting plugin AndroidDeviceProfileSelector
LogPluginManager: Mounting plugin AndroidMoviePlayer
LogPluginManager: Mounting plugin AndroidPermission
LogPluginManager: Mounting plugin AppleARKit
LogPluginManager: Mounting plugin AppleMoviePlayer
LogPluginManager: Mounting plugin ArchVisCharacter
LogPluginManager: Mounting plugin CableComponent
LogPluginManager: Mounting plugin CustomMeshComponent
LogPluginManager: Mounting plugin ExampleDeviceProfileSelector
LogPluginManager: Mounting plugin GoogleCloudMessaging
LogPluginManager: Mounting plugin ImmediatePhysics
LogPluginManager: Mounting plugin IOSDeviceProfileSelector
LogPluginManager: Mounting plugin LinuxDeviceProfileSelector
LogPluginManager: Mounting plugin LocationServicesBPLibrary
LogPluginManager: Mounting plugin MobilePatchingUtils
LogPluginManager: Mounting plugin OculusVR
LogPluginManager: Plugin shader directory ../../../Engine/Plugins/Runtime/Oculus/OculusVR/Shaders found
LogPluginManager: Mapping shader source directory ../../../Engine/Plugins/Runtime/Oculus/OculusVR/Shaders to virtual directory /Plugin/OculusVR
LogPluginManager: Mounting plugin PhysXVehicles
LogPluginManager: Mounting plugin ProceduralMeshComponent
LogPluginManager: Mounting plugin RuntimePhysXCooking
LogPluginManager: Mounting plugin SteamVR
LogPluginManager: Mounting plugin WindowsMoviePlayer
LogInit: Using libcurl 7.47.1
LogInit:  - built for x86_64-pc-win32
LogInit:  - supports SSL with OpenSSL/1.0.2g
LogInit:  - supports HTTP deflate (compression) using libz 1.2.8
LogInit:  - other features:
LogInit:      CURL_VERSION_SSL
LogInit:      CURL_VERSION_LIBZ
LogInit:      CURL_VERSION_IPV6
LogInit:      CURL_VERSION_ASYNCHDNS
LogInit:      CURL_VERSION_LARGEFILE
LogInit:      CURL_VERSION_IDN
LogInit:  CurlRequestOptions (configurable via config and command line):
LogInit:  - bVerifyPeer = false  - Libcurl will NOT verify peer certificate
LogInit:  - bUseHttpProxy = false  - Libcurl will NOT use HTTP proxy
LogInit:  - bDontReuseConnections = false  - Libcurl will reuse connections
LogInit:  - CertBundlePath = nullptr  - Libcurl will use whatever was configured at build time.
LogInit: Build: ++UE4+Release-4.18-CL-3832480
LogInit: Engine Version: 4.18.3-3832480+++UE4+Release-4.18
LogInit: Compatible Engine Version: 4.18.0-3709383+++UE4+Release-4.18
LogInit: Net CL: 3709383
LogDevObjectVersion: Number of dev versions registered: 16
LogDevObjectVersion:   Dev-Blueprints (B0D832E4-1F89-4F0D-ACCF-7EB736FD4AA2): 10
LogDevObjectVersion:   Dev-Build (E1C64328-A22C-4D53-A36C-8E866417BD8C): 0
LogDevObjectVersion:   Dev-Core (375EC13C-06E4-48FB-B500-84F0262A717E): 2
LogDevObjectVersion:   Dev-Editor (E4B068ED-F494-42E9-A231-DA0B2E46BB41): 20
LogDevObjectVersion:   Dev-Framework (CFFC743F-43B0-4480-9391-14DF171D2073): 30
LogDevObjectVersion:   Dev-Mobile (B02B49B5-BB20-44E9-A304-32B752E40360): 0
LogDevObjectVersion:   Dev-Networking (A4E4105C-59A1-49B5-A7C5-40C4547EDFEE): 0
LogDevObjectVersion:   Dev-Online (39C831C9-5AE6-47DC-9A44-9C173E1C8E7C): 0
LogDevObjectVersion:   Dev-Physics (78F01B33-EBEA-4F98-B9B4-84EACCB95AA2): 0
LogDevObjectVersion:   Dev-Platform (6631380F-2D4D-43E0-8009-CF276956A95A): 0
LogDevObjectVersion:   Dev-Rendering (12F88B9F-8875-4AFC-A67C-D90C383ABD29): 20
LogDevObjectVersion:   Dev-Sequencer (7B5AE74C-D270-4C10-A958-57980B212A5A): 4
LogDevObjectVersion:   Dev-VR (D7296918-1DD6-4BDD-9DE2-64A83CC13884): 0
LogDevObjectVersion:   Dev-LoadTimes (C2A15278-BFE7-4AFE-6C17-90FF531DF755): 1
LogDevObjectVersion:   Private-Geometry (6EACA3D4-40EC-4CC1-B786-8BED09428FC5): 1
LogDevObjectVersion:   Dev-AnimPhys (29E575DD-E0A3-4627-9D10-D276232CDCEA): 12
LogInit: Compiled (64-bit): Jan 12 2018 02:04:55
LogInit: Compiled with Visual C++: 19.00.24215.01
LogInit: Build Configuration: Development
LogInit: Branch Name: ++UE4+Release-4.18
LogInit: Command line:  
LogInit: Base directory: C:/Program Files (x86)/Epic Games/UE_4.18/Engine/Binaries/Win64/
LogInit: Installed Engine Build: 1
LogInit: Presizing for max 8388607 objects, including 0 objects not considered by GC, pre-allocating 0 bytes for permanent pool.
LogInit: Object subsystem initialized
[2018.02.07-14.03.44:461][  0]LogInit: Selected Device Profile: [Windows]
[2018.02.07-14.03.44:461][  0]LogInit: Applying CVar settings loaded from the selected device profile: [Windows]
[2018.02.07-14.03.44:490][  0]LogInit: Computer: TRJ208-11
[2018.02.07-14.03.44:490][  0]LogInit: User: 17093414
[2018.02.07-14.03.44:490][  0]LogInit: CPU Page size=4096, Cores=4
[2018.02.07-14.03.44:490][  0]LogInit: High frequency timer resolution =3.507675 MHz
[2018.02.07-14.03.44:490][  0]LogMemory: Memory total: Physical=31.8GB (32GB approx)
[2018.02.07-14.03.44:491][  0]LogMemory: Platform Memory Stats for Windows
[2018.02.07-14.03.44:491][  0]LogMemory: Process Physical Memory: 276.41 MB used, 276.41 MB peak
[2018.02.07-14.03.44:491][  0]LogMemory: Process Virtual Memory: 280.80 MB used, 280.80 MB peak
[2018.02.07-14.03.44:491][  0]LogMemory: Physical Memory: 5631.82 MB used,  26976.91 MB free, 32608.73 MB total
[2018.02.07-14.03.44:491][  0]LogMemory: Virtual Memory: 636.50 MB used,  26976.91 MB free, 8388608.00 MB total
[2018.02.07-14.03.44:737][  0]LogInit: Using OS detected language (en-GB).
[2018.02.07-14.03.44:737][  0]LogInit: Using OS detected locale (en-GB).
[2018.02.07-14.03.44:745][  0]LogTextLocalizationManager: No specific localization for 'en-GB' exists, so the 'en' localization will be used.
[2018.02.07-14.03.45:146][  0]LogWindows: Failed to load 'shcore.dll' (GetLastError=126)
[2018.02.07-14.03.45:146][  0]LogWindows: File 'shcore.dll' does not exist
[2018.02.07-14.03.45:146][  0]LogInit: Setting process to DPI aware
[2018.02.07-14.03.45:153][  0]LogWindows: Failed to load 'shcore.dll' (GetLastError=126)
[2018.02.07-14.03.45:153][  0]LogWindows: File 'shcore.dll' does not exist
[2018.02.07-14.03.45:153][  0]LogInit: Setting process to DPI aware
[2018.02.07-14.03.45:545][  0]LogD3D11RHI: D3D11 adapters:
[2018.02.07-14.03.45:566][  0]LogD3D11RHI:    0. 'NVIDIA GeForce GTX 970' (Feature Level 11_0)
[2018.02.07-14.03.45:567][  0]LogD3D11RHI:       4007/0/16048 MB DedicatedVideo/DedicatedSystem/SharedSystem, Outputs:1, VendorId:0x10de
[2018.02.07-14.03.45:605][  0]LogD3D11RHI:    1. 'Intel(R) HD Graphics 4600' (Feature Level 11_0)
[2018.02.07-14.03.45:605][  0]LogD3D11RHI:       192/0/1632 MB DedicatedVideo/DedicatedSystem/SharedSystem, Outputs:0, VendorId:0x8086
[2018.02.07-14.03.45:605][  0]LogD3D11RHI: Chosen D3D11 Adapter: 0
[2018.02.07-14.03.45:608][  0]LogD3D11RHI: Creating new Direct3DDevice
[2018.02.07-14.03.45:609][  0]LogD3D11RHI:     GPU DeviceId: 0x13c2 (for the marketing name, search the web for "GPU Device Id")
[2018.02.07-14.03.45:609][  0]LogWindows: EnumDisplayDevices:
[2018.02.07-14.03.45:609][  0]LogWindows:    0. 'NVIDIA GeForce GTX 970' (P:1 D:1)
[2018.02.07-14.03.45:609][  0]LogWindows:    1. 'NVIDIA GeForce GTX 970' (P:0 D:0)
[2018.02.07-14.03.45:609][  0]LogWindows:    2. 'NVIDIA GeForce GTX 970' (P:0 D:0)
[2018.02.07-14.03.45:609][  0]LogWindows:    3. 'NVIDIA GeForce GTX 970' (P:0 D:0)
[2018.02.07-14.03.45:609][  0]LogWindows:    4. 'Intel(R) HD Graphics 4600' (P:0 D:0)
[2018.02.07-14.03.45:609][  0]LogWindows:    5. 'Intel(R) HD Graphics 4600' (P:0 D:0)
[2018.02.07-14.03.45:609][  0]LogWindows:    6. 'Intel(R) HD Graphics 4600' (P:0 D:0)
[2018.02.07-14.03.45:609][  0]LogWindows:    7. 'RDPDD Chained DD' (P:0 D:0)
[2018.02.07-14.03.45:610][  0]LogWindows:    8. 'RDP Encoder Mirror Driver' (P:0 D:0)
[2018.02.07-14.03.45:610][  0]LogWindows:    9. 'RDP Reflector Display Driver' (P:0 D:0)
[2018.02.07-14.03.45:610][  0]LogWindows: DebugString: PrimaryIsNotTheChoosenAdapter PrimaryIsNotTheChoosenAdapter PrimaryIsNotTheChoosenAdapter GetVideoDriverDetailsInvalid PrimaryIsNotTheChoosenAdapter GetVideoDriverDetailsInvalid PrimaryIsNotTheChoosenAdapter GetVideoDriverDetailsInvalid PrimaryIsNotTheChoosenAdapter FoundDriverCount:4 
[2018.02.07-14.03.45:610][  0]LogD3D11RHI:     Adapter Name: NVIDIA GeForce GTX 970
[2018.02.07-14.03.45:610][  0]LogD3D11RHI:   Driver Version: 384.94 (internal:22.21.13.8494, unified:384.94)
[2018.02.07-14.03.45:610][  0]LogD3D11RHI:      Driver Date: 7-18-2017
[2018.02.07-14.03.45:610][  0]LogRHI: Texture pool is 2805 MB (70% of 4007 MB)
[2018.02.07-14.03.45:619][  0]LogD3D11RHI: Async texture creation enabled
[2018.02.07-14.03.45:653][  0]LogD3D11RHI: GPU Timing Frequency: 1000.000000 (Debug: 2 2)
[2018.02.07-14.03.45:660][  0]LogShaderCompilers: Guid format shader working directory is -12 characters bigger than the processId version (F:/My Documents/UnrealGame/Group-D-Ass2-Game/ProjectEspionage/Intermediate/Shaders/WorkingDirectory/6280/).
[2018.02.07-14.03.45:660][  0]LogShaderCompilers: Cleaned the shader compiler working directory 'C:/Users/17093414/AppData/Local/Temp/UnrealShaderWorkingDir/4328493F404C6FE0903E3595186A1A73/'.
[2018.02.07-14.03.45:661][  0]LogShaderCompilers: Display: Using Local Shader Compiler.
[2018.02.07-14.03.46:909][  0]LogTemp: Display: Loaded TP AllDesktopTargetPlatform
[2018.02.07-14.03.46:949][  0]LogTemp: Display: Loaded TP MacClientTargetPlatform
[2018.02.07-14.03.46:989][  0]LogTemp: Display: Loaded TP MacNoEditorTargetPlatform
[2018.02.07-14.03.47:028][  0]LogTemp: Display: Loaded TP MacServerTargetPlatform
[2018.02.07-14.03.47:069][  0]LogTemp: Display: Loaded TP MacTargetPlatform
[2018.02.07-14.03.47:111][  0]LogTemp: Display: Loaded TP WindowsClientTargetPlatform
[2018.02.07-14.03.47:151][  0]LogTemp: Display: Loaded TP WindowsNoEditorTargetPlatform
[2018.02.07-14.03.47:191][  0]LogTemp: Display: Loaded TP WindowsServerTargetPlatform
[2018.02.07-14.03.47:226][  0]LogTemp: Display: Loaded TP WindowsTargetPlatform
[2018.02.07-14.03.47:266][  0]LogTemp: Display: Loaded TP Android_ASTCTargetPlatform
[2018.02.07-14.03.47:306][  0]LogTemp: Display: Loaded TP Android_ATCTargetPlatform
[2018.02.07-14.03.47:348][  0]LogTemp: Display: Loaded TP Android_DXTTargetPlatform
[2018.02.07-14.03.47:389][  0]LogTemp: Display: Loaded TP Android_ETC1TargetPlatform
[2018.02.07-14.03.47:428][  0]LogTemp: Display: Loaded TP Android_ETC2TargetPlatform
[2018.02.07-14.03.47:508][  0]LogTemp: Display: Loaded TP Android_MultiTargetPlatform
[2018.02.07-14.03.47:508][  0]LogTemp: Display: Loaded TP Android_PVRTCTargetPlatform
[2018.02.07-14.03.47:549][  0]LogTemp: Display: Loaded TP AndroidTargetPlatform
[2018.02.07-14.03.47:577][  0]LogTemp: Display: Loaded TP HTML5TargetPlatform
[2018.02.07-14.03.47:655][  0]LogTemp: Display: Loaded TP IOSTargetPlatform
[2018.02.07-14.03.47:678][  0]LogTemp: Display: Loaded TP TVOSTargetPlatform
[2018.02.07-14.03.47:723][  0]LogTemp: Display: Loaded TP LinuxClientTargetPlatform
[2018.02.07-14.03.47:773][  0]LogTemp: Display: Loaded TP LinuxNoEditorTargetPlatform
[2018.02.07-14.03.47:823][  0]LogTemp: Display: Loaded TP LinuxServerTargetPlatform
[2018.02.07-14.03.47:863][  0]LogTemp: Display: Loaded TP LinuxTargetPlatform
[2018.02.07-14.03.47:863][  0]LogTargetPlatformManager: Display: Building Assets For Windows
[2018.02.07-14.03.48:262][  0]LogDerivedDataCache: Display: Max Cache Size: 512 MB
[2018.02.07-14.03.48:262][  0]LogDerivedDataCache: Display: Starting with empty Boot cache
[2018.02.07-14.03.48:263][  0]LogDerivedDataCache: FDerivedDataBackendGraph:  Pak pak cache file F:/My Documents/UnrealGame/Group-D-Ass2-Game/ProjectEspionage/DerivedDataCache/DDC.ddp not found, will not use a pak cache.
[2018.02.07-14.03.48:263][  0]LogDerivedDataCache: Unable to find inner node Pak for hierarchical cache Hierarchy.
[2018.02.07-14.03.48:263][  0]LogDerivedDataCache: FDerivedDataBackendGraph:  CompressedPak pak cache file F:/My Documents/UnrealGame/Group-D-Ass2-Game/ProjectEspionage/DerivedDataCache/Compressed.ddp not found, will not use a pak cache.
[2018.02.07-14.03.48:263][  0]LogDerivedDataCache: Unable to find inner node CompressedPak for hierarchical cache Hierarchy.
[2018.02.07-14.03.48:287][  0]LogDerivedDataCache: Display: Pak cache opened for reading ../../../Engine/DerivedDataCache/Compressed.ddp.
[2018.02.07-14.03.48:298][  0]LogDerivedDataCache: Using Local data cache path C:/Users/17093414/AppData/Local/UnrealEngine/Common/DerivedDataCache: Writable
[2018.02.07-14.03.48:332][  0]LogMaterial: Verifying Global Shaders for PCD3D_SM5
[2018.02.07-14.03.48:338][  0]LogSlate: Using Freetype 2.6.0
[2018.02.07-14.03.48:341][  0]LogSlate: SlateFontCache - WITH_FREETYPE: 1, WITH_HARFBUZZ: 1
[2018.02.07-14.03.48:341][  0]LogSlate: SlateFontCache - WITH_FREETYPE: 1, WITH_HARFBUZZ: 1
[2018.02.07-14.03.49:105][  0]LogInit: Selected Device Profile: [Windows]
[2018.02.07-14.03.49:227][  0]LogMaterial: Missing cached shader map for material WorldGridMaterial, compiling. Is special engine material.
[2018.02.07-14.04.21:936][  0]LogMaterial: Missing cached shader map for material DefaultLightFunctionMaterial, compiling. 
[2018.02.07-14.04.22:692][  0]LogMaterial: Missing cached shader map for material DefaultPostProcessMaterial, compiling. 
[2018.02.07-14.04.23:224][  0]LogMaterial: Missing cached shader map for material DefaultDeferredDecalMaterial, compiling. 
[2018.02.07-14.04.29:902][  0]LogMaterial: Missing cached shader map for material MatineeCam_mat, compiling. 
[2018.02.07-14.04.30:195][  0]LogSimplygon: Simplygon DLL not present - disabling.
[2018.02.07-14.04.30:241][  0]LogMeshReduction: Using SimplygonSwarm for distributed automatic mesh merging
[2018.02.07-14.04.30:242][  0]LogMeshReduction: Using QuadricMeshReduction for automatic static mesh reduction
[2018.02.07-14.04.30:242][  0]LogMeshReduction: No automatic skeletal mesh reduction module available
[2018.02.07-14.04.30:242][  0]LogMeshReduction: No automatic mesh merging module available
[2018.02.07-14.04.30:242][  0]LogMeshMerging: No automatic mesh merging module available
[2018.02.07-14.04.30:312][  0]LogNetVersion: ProjectEspionage , NetCL: 3709383, EngineNetVer: 2, GameNetVer: 0 (Checksum: 40603988)
[2018.02.07-14.04.30:364][  0]LogMaterial: Missing cached shader map for material HelpActorMaterial, compiling. 
[2018.02.07-14.04.30:649][  0]LogMaterial: Missing cached shader map for material DefaultTextMaterialOpaque, compiling. 
[2018.02.07-14.04.30:957][  0]LogAssetRegistry: FAssetRegistry took 0.0426 seconds to start up
[2018.02.07-14.04.31:181][  0]LogMaterial: Missing cached shader map for material Widget3DPassThrough, compiling. 
[2018.02.07-14.04.31:223][  0]LogMaterial: Missing cached shader map for material Widget3DPassThrough, compiling. 
[2018.02.07-14.04.31:263][  0]LogMaterial: Missing cached shader map for material Widget3DPassThrough, compiling. 
[2018.02.07-14.04.31:312][  0]LogMaterial: Missing cached shader map for material Widget3DPassThrough, compiling. 
[2018.02.07-14.04.31:339][  0]LogMaterial: Missing cached shader map for material Widget3DPassThrough, compiling. 
[2018.02.07-14.04.31:408][  0]LogMaterial: Missing cached shader map for material Widget3DPassThrough, compiling. 
[2018.02.07-14.04.31:665][  0]LogMaterial: Missing cached shader map for material CineMat, compiling. 
[2018.02.07-14.04.31:806][  0]LogMaterial: Missing cached shader map for material M_SimpleOpaque, compiling. 
[2018.02.07-14.04.31:882][  0]LogMaterial: Missing cached shader map for material M_SimpleTranslucent, compiling. 
[2018.02.07-14.04.32:202][  0]LogMaterial: Missing cached shader map for material TranslucentTransformGizmoMaterial, compiling. 
[2018.02.07-14.04.32:220][  0]LogMaterial: Missing cached shader map for material TransformGizmoMaterial, compiling. 
[2018.02.07-14.04.32:242][  0]LogMaterial: Missing cached shader map for material SnapGridMaterial, compiling. 
[2018.02.07-14.04.32:442][  0]LogMaterial: Missing cached shader map for material Xray, compiling. 
[2018.02.07-14.04.32:502][  0]LogMaterial: Missing cached shader map for material Main, compiling. 
[2018.02.07-14.04.32:720][  0]LogMaterial: Missing cached shader map for material SkySphereMaterial, compiling. 
[2018.02.07-14.04.32:773][  0]LogMaterial: Missing cached shader map for material FloorPlaneMaterial, compiling. 
[2018.02.07-14.04.33:085][  0]LogMaterial: Missing cached shader map for material LandscapeGizmo_Mat, compiling. 
[2018.02.07-14.04.33:155][  0]LogMaterial: Missing cached shader map for material LandscapeGizmoHeight_Mat, compiling. 
[2018.02.07-14.04.33:355][  0]LogMaterial: Missing cached shader map for material SplineEditorMeshMat, compiling. 
[2018.02.07-14.04.33:427][  0]LogMaterial: Missing cached shader map for material ARKitCameraMaterial, compiling. 
[2018.02.07-14.04.33:477][  0]LogMaterial: Missing cached shader map for material GearVRControllerMaterial, compiling. 
[2018.02.07-14.04.34:213][  0]LogPackageLocalizationCache: Processed 7 localized package path(s) for 2 prioritized culture(s) in 0.643117 seconds
[2018.02.07-14.04.34:232][  0]LogUObjectArray: 35870 objects as part of root set at end of initial load.
[2018.02.07-14.04.34:232][  0]LogUObjectAllocator: 7363704 out of 0 bytes used by permanent object pool.
[2018.02.07-14.04.34:232][  0]LogUObjectArray: CloseDisregardForGC: 0/0 objects in disregard for GC pool
[2018.02.07-14.04.34:415][  0]LogInit: WinSock: version 1.1 (2.2), MaxSocks=32767, MaxUdp=65467
[2018.02.07-14.04.38:295][  0]LogMaterial: Missing cached shader map for material VivePreControllerMaterial, compiling. 
[2018.02.07-14.04.38:373][  0]LogMaterial: Missing cached shader map for material OculusControllerMaterial, compiling. 
[2018.02.07-14.04.38:414][  0]LogMaterial: Missing cached shader map for material GridMaterial, compiling. 
[2018.02.07-14.04.38:433][  0]LogMaterial: Missing cached shader map for material VRTextMaterial, compiling. 
[2018.02.07-14.04.38:513][  0]LogMaterial: Missing cached shader map for material GenericHMDMaterial, compiling. 
[2018.02.07-14.04.38:597][  0]LogMaterial: Missing cached shader map for material TeleportDirectionMaterial, compiling. 
[2018.02.07-14.04.38:648][  0]LogMaterial: Missing cached shader map for material GridPostProcess, compiling. 
[2018.02.07-14.04.38:674][  0]LogMaterial: Missing cached shader map for material FlattenHeightMat, compiling. 
[2018.02.07-14.04.38:722][  0]LogMaterial: Missing cached shader map for material ArrowMaterial, compiling. 
[2018.02.07-14.04.38:803][  0]LogMaterial: Missing cached shader map for material KeyDiskMaterial, compiling. 
[2018.02.07-14.04.38:839][  0]LogMaterial: Missing cached shader map for material M_ContentWindow, compiling. 
[2018.02.07-14.04.38:973][  0]LogMaterial: Missing cached shader map for material LaserPointerMaterial, compiling. 
[2018.02.07-14.04.39:007][  0]LogMaterial: Missing cached shader map for material LaserPointerMaterial, compiling. 
[2018.02.07-14.04.39:075][  0]LogMaterial: Missing cached shader map for material LineMaterial, compiling. 
[2018.02.07-14.04.39:112][  0]LogMaterial: Missing cached shader map for material VRTextMaterial, compiling. 
[2018.02.07-14.04.41:083][  0]LogMaterial: Missing cached shader map for material DefaultSpriteMaterial, compiling. 
[2018.02.07-14.04.41:115][  0]LogMaterial: Missing cached shader map for material DefaultSpriteMaterial, compiling. 
[2018.02.07-14.04.41:878][  0]LogTcpMessaging: Initializing TcpMessaging bridge
[2018.02.07-14.04.41:970][  0]LogUdpMessaging: Initializing bridge on interface 0.0.0.0:0 to multicast group 230.0.0.1:6666.
[2018.02.07-14.04.41:972][  0]LogDirectoryWatcher: A directory notification failed for 'F:/My Documents/UnrealGame/Group-D-Ass2-Game/ProjectEspionage/Content/' because it was empty or there was a buffer overflow. Attemping another request...
[2018.02.07-14.04.42:569][  0]LogMaterial: Missing cached shader map for material DefaultMaterial, compiling. 
[2018.02.07-14.04.43:508][  0]LogMaterial: Missing cached shader map for material BaseColor, compiling. 
[2018.02.07-14.04.43:541][  0]LogMaterial: Missing cached shader map for material CustomDepth, compiling. 
[2018.02.07-14.04.43:618][  0]LogMaterial: Uniform references updated for custom material expression Custom.
[2018.02.07-14.04.43:626][  0]LogMaterial: Missing cached shader map for material CustomStencil, compiling. 
[2018.02.07-14.04.43:655][  0]LogMaterial: Missing cached shader map for material FinalImage, compiling. 
[2018.02.07-14.04.43:687][  0]LogMaterial: Missing cached shader map for material LightingModel, compiling. 
[2018.02.07-14.04.43:714][  0]LogMaterial: Missing cached shader map for material MaterialAO, compiling. 
[2018.02.07-14.04.43:742][  0]LogMaterial: Missing cached shader map for material Metallic, compiling. 
[2018.02.07-14.04.43:772][  0]LogMaterial: Missing cached shader map for material Opacity, compiling. 
[2018.02.07-14.04.43:801][  0]LogMaterial: Missing cached shader map for material Roughness, compiling. 
[2018.02.07-14.04.43:833][  0]LogMaterial: Missing cached shader map for material SceneColor, compiling. 
[2018.02.07-14.04.43:857][  0]LogMaterial: Missing cached shader map for material SceneDepth, compiling. 
[2018.02.07-14.04.43:876][  0]LogMaterial: Missing cached shader map for material SeparateTranslucencyRGB, compiling. 
[2018.02.07-14.04.43:904][  0]LogMaterial: Missing cached shader map for material SeparateTranslucencyA, compiling. 
[2018.02.07-14.04.43:936][  0]LogMaterial: Missing cached shader map for material Specular, compiling. 
[2018.02.07-14.04.43:976][  0]LogMaterial: Missing cached shader map for material SubsurfaceColor, compiling. 
[2018.02.07-14.04.44:022][  0]LogMaterial: Missing cached shader map for material WorldNormal, compiling. 
[2018.02.07-14.04.44:082][  0]LogMaterial: Missing cached shader map for material AmbientOcclusion, compiling. 
[2018.02.07-14.04.44:135][  0]LogMaterial: Missing cached shader map for material CustomDepthWorldUnits, compiling. 
[2018.02.07-14.04.44:154][  0]LogMaterial: Missing cached shader map for material SceneDepthWorldUnits, compiling. 
[2018.02.07-14.04.44:209][  0]LogMaterial: Missing cached shader map for material PreTonemapHDRColor, compiling. 
[2018.02.07-14.04.44:251][  0]LogMaterial: Missing cached shader map for material PostTonemapHDRColor, compiling. 
[2018.02.07-14.04.45:431][  0]SourceControl: Source control is disabled
[2018.02.07-14.04.45:431][  0]SourceControl: Source control is disabled
[2018.02.07-14.04.45:635][  0]SourceControl: Source control is disabled
[2018.02.07-14.04.45:830][  0]SourceControl: Source control is disabled
[2018.02.07-14.04.47:475][  0]LogMaterial: Missing cached shader map for material DefaultMediaPlaneMaterial, compiling. 
[2018.02.07-14.04.48:534][  0]LogAndroidPermission: UAndroidPermissionCallbackProxy::GetInstance
[2018.02.07-14.04.49:293][  0]LogOcInput: OculusInput pre-init called
[2018.02.07-14.04.49:874][  0]LogMaterial: Missing cached shader map for material HighResScreenshot, compiling. 
[2018.02.07-14.04.49:924][  0]LogMaterial: Missing cached shader map for material HighResScreenshotMask, compiling. 
[2018.02.07-14.04.49:953][  0]LogMaterial: Missing cached shader map for material HighResScreenshotCaptureRegion, compiling. 
[2018.02.07-14.04.50:096][  0]LogEngine: Initializing Engine...
[2018.02.07-14.04.50:105][  0]LogHMD: Failed to initialize OpenVR with code 110
[2018.02.07-14.04.50:116][  0]LogMaterial: Missing cached shader map for material WireframeMaterial, compiling. Is special engine material.
[2018.02.07-14.04.50:470][  0]LogMaterial: Missing cached shader map for material LevelColorationLitMaterial, compiling. Is special engine material.
[2018.02.07-14.04.51:477][  0]LogMaterial: Missing cached shader map for material LevelColorationUnlitMaterial, compiling. Is special engine material.
[2018.02.07-14.04.51:812][  0]LogMaterial: Missing cached shader map for material MAT_LevelColorationLitLightmapUV, compiling. Is special engine material.
[2018.02.07-14.04.52:755][  0]LogMaterial: Missing cached shader map for material ShadedLevelColorationLitMaterial, compiling. Is special engine material.
[2018.02.07-14.04.53:628][  0]LogMaterial: Missing cached shader map for material ShadedLevelColorationUnlitMateri, compiling. Is special engine material.
[2018.02.07-14.04.53:958][  0]LogMaterial: Missing cached shader map for material VertexColorMaterial, compiling. 
[2018.02.07-14.04.54:121][  0]LogMaterial: Missing cached shader map for material VertexColorViewMode_ColorOnly, compiling. 
[2018.02.07-14.04.54:156][  0]LogMaterial: Missing cached shader map for material VertexColorViewMode_AlphaAsColor, compiling. 
[2018.02.07-14.04.54:186][  0]LogMaterial: Missing cached shader map for material VertexColorViewMode_RedOnly, compiling. 
[2018.02.07-14.04.54:244][  0]LogMaterial: Missing cached shader map for material VertexColorViewMode_GreenOnly, compiling. 
[2018.02.07-14.04.54:307][  0]LogMaterial: Missing cached shader map for material VertexColorViewMode_BlueOnly, compiling. 
[2018.02.07-14.04.54:354][  0]LogMaterial: Missing cached shader map for material RemoveSurfaceMaterial, compiling. 
[2018.02.07-14.04.54:375][  0]LogMaterial: Missing cached shader map for material DebugMeshMaterial, compiling. 
[2018.02.07-14.04.54:427][  0]LogMaterial: Missing cached shader map for material M_InvalidLightmapSettings, compiling. 
[2018.02.07-14.04.54:498][  0]LogMaterial: Missing cached shader map for material GizmoMaterial, compiling. 
[2018.02.07-14.04.54:553][  0]LogMaterial: Missing cached shader map for material PhAT_JointLimitMaterial, compiling. 
[2018.02.07-14.04.54:623][  0]LogMaterial: Missing cached shader map for material GeomMaterial, compiling. 
[2018.02.07-14.04.54:660][  0]LogMaterial: Missing cached shader map for material EditorBrushMaterial, compiling. 
[2018.02.07-14.04.54:717][  0]LogMaterial: Missing cached shader map for material BoneWeightMaterial, compiling. 
[2018.02.07-14.04.54:885][  0]LogMaterial: Missing cached shader map for material ClothMaterial, compiling. 
[2018.02.07-14.04.54:931][  0]LogMaterial: Missing cached shader map for material ClothMaterial_WF, compiling. 
[2018.02.07-14.04.54:998][  0]LogMaterial: Missing cached shader map for material DebugEditorMaterial, compiling. 
[2018.02.07-14.04.55:047][  0]LogMaterial: Missing cached shader map for material PreviewShadowIndicatorMaterial, compiling. 
[2018.02.07-14.04.55:386][  0]LogStats: UGameplayTagsManager::ConstructGameplayTagTree: Construct from data asset -  0.000 s
[2018.02.07-14.04.55:386][  0]LogStats: UGameplayTagsManager::ConstructGameplayTagTree: GameplayTagTreeChangedEvent.Broadcast -  0.000 s
[2018.02.07-14.04.55:638][  0]LogAIModule: Creating AISystem for world Untitled
[2018.02.07-14.04.55:658][  0]LogInit: XAudio2 using 'Speakers (Realtek High Definition Audio)' : 2 channels at 48 kHz using 32 bits per sample (channel mask 0x3)
[2018.02.07-14.04.55:697][  0]LogInit: FAudioDevice initialized.
[2018.02.07-14.04.55:790][  0]LogDerivedDataCache: Saved boot cache 0.09s 69MB C:/Users/17093414/AppData/Local/UnrealEngine/4.18/DerivedDataCache/Boot.ddc.
[2018.02.07-14.04.55:803][  0]LogInit: Texture streaming: Enabled
[2018.02.07-14.04.55:983][  0]LogEngineSessionManager: EngineSessionManager initialized
[2018.02.07-14.04.56:217][  0]LogInit: Transaction tracking system initialized
[2018.02.07-14.04.56:868][  0]BlueprintLog: New page: Editor Load
[2018.02.07-14.04.59:832][  0]LocalizationService: Localization service is disabled
[2018.02.07-14.05.02:641][  0]LogConsoleResponse: Display: 
[2018.02.07-14.05.02:911][  0]LogMaterial: Missing cached shader map for material Cross_Mat, compiling. 
[2018.02.07-14.05.03:011][  0]LogMaterial: Missing cached shader map for material PhAT_BoneSelectedMaterial, compiling. 
[2018.02.07-14.05.03:077][  0]LogMaterial: Missing cached shader map for material PhAT_ElemSelectedMaterial, compiling. 
[2018.02.07-14.05.03:129][  0]LogMaterial: Missing cached shader map for material PhAT_NoCollisionMaterial, compiling. 
[2018.02.07-14.05.03:161][  0]LogMaterial: Missing cached shader map for material PhAT_UnselectedMaterial, compiling. 
[2018.02.07-14.05.03:267][  0]LogMaterial: Missing cached shader map for material Tick_Mat, compiling. 
[2018.02.07-14.05.03:389][  0]LogMaterial: Missing cached shader map for material WidgetGridVertexColorMaterial_Ma, compiling. 
[2018.02.07-14.05.03:454][  0]LogMaterial: Missing cached shader map for material WidgetMaterial, compiling. 
[2018.02.07-14.05.03:479][  0]LogMaterial: Missing cached shader map for material WidgetMaterial_Current, compiling. 
[2018.02.07-14.05.03:508][  0]LogMaterial: Missing cached shader map for material WidgetMaterial_X, compiling. 
[2018.02.07-14.05.03:551][  0]LogMaterial: Missing cached shader map for material WidgetMaterial_Y, compiling. 
[2018.02.07-14.05.03:585][  0]LogMaterial: Missing cached shader map for material WidgetMaterial_Z, compiling. 
[2018.02.07-14.05.03:633][  0]LogMaterial: Missing cached shader map for material WidgetVertexColorMaterial, compiling. 
[2018.02.07-14.05.03:755][  0]LogMaterial: Missing cached shader map for material LevelGridMaterial, compiling. 
[2018.02.07-14.05.03:882][  0]LogMaterial: Missing cached shader map for material BlinkingCaret, compiling. 
[2018.02.07-14.05.04:029][  0]LogMaterial: Missing cached shader map for material M_StreamingPause, compiling. 
[2018.02.07-14.05.04:126][  0]LogCook: Display: Max memory allowance for cook 16384mb min free memory 0mb
[2018.02.07-14.05.04:126][  0]LogCook: Display: Mobile HDR setting 1
[2018.02.07-14.05.04:126][  0]LogGameplayTags: Display: UGameplayTagsManager::DoneAddingNativeTags. DelegateIsBound: 0
[2018.02.07-14.05.05:486][  0]LogFileCache: Scanning file cache for directory 'F:/My Documents/UnrealGame/Group-D-Ass2-Game/ProjectEspionage/Content/' took 0.20s
[2018.02.07-14.05.07:734][  0]SourceControl: Source control is disabled
[2018.02.07-14.05.07:737][  0]Cmd: MAP LOAD FILE="F:/My Documents/UnrealGame/Group-D-Ass2-Game/ProjectEspionage/Content/TopDownBP/Maps/TestMap.umap" TEMPLATE=0 SHOWPROGRESS=1 FEATURELEVEL=3
[2018.02.07-14.05.07:753][  0]LightingResults: New page: Lighting Build
[2018.02.07-14.05.07:867][  0]MapCheck: New page: Map Check
[2018.02.07-14.05.07:867][  0]LightingResults: New page: Lighting Build
[2018.02.07-14.05.15:868][  0]LogTexture: Display: Building textures: Liam_Shoes_Gloss (AutoDXT, 1024X1024)
[2018.02.07-14.05.15:869][  0]LogTexture: Display: Building textures: Liam_Shoes_Diffuse (AutoDXT, 1024X1024)
[2018.02.07-14.05.15:869][  0]LogTexture: Display: Building textures: Liam_Shoes_Normal (BC5, 1024X1024)
[2018.02.07-14.05.15:869][  0]LogTexture: Display: Building textures: Liam_Bottom_Opacity (AutoDXT, 1024X1024)
[2018.02.07-14.05.15:869][  0]LogTexture: Display: Building textures: Liam_Bottom_Specular (AutoDXT, 1024X1024)
[2018.02.07-14.05.15:869][  0]LogTexture: Display: Building textures: Liam_Bottom_Gloss (AutoDXT, 1024X1024)
[2018.02.07-14.05.15:869][  0]LogTexture: Display: Building textures: Liam_Bottom_Normal (BC5, 1024X1024)
[2018.02.07-14.05.15:869][  0]LogTexture: Display: Building textures: Liam_Bottom_Diffuse (AutoDXT, 1024X1024)
[2018.02.07-14.05.15:869][  0]LogTexture: Display: Building textures: Liam_Body_Specular (AutoDXT, 1024X1024)
[2018.02.07-14.05.15:869][  0]LogTexture: Display: Building textures: Liam_Body_Opacity (AutoDXT, 1024X1024)
[2018.02.07-14.05.15:874][  0]LogMaterial: Missing cached shader map for material M_MaterialSphere_Plain, compiling. 
[2018.02.07-14.05.15:907][  0]LogMaterial: Missing cached shader map for material M_MaterialSphere, compiling. 
[2018.02.07-14.05.15:994][  0]LogMaterial: Missing cached shader map for material M_Cursor_Decal, compiling. 
[2018.02.07-14.05.16:119][  0]LogTexture: Display: Building textures: Liam_Body_Normal (BC5, 1024X1024)
[2018.02.07-14.05.16:119][  0]LogAnimationCompression: Building Anim DDC data for AnimSequence /Game/TopDownBP/StealthGuy/Animation/Standard_Run.Standard_Run
[2018.02.07-14.05.16:120][  0]LogAnimationCompression: Recompressing (AnimSequence /Game/TopDownBP/StealthGuy/Animation/Standard_Run.Standard_Run) using current/default (AnimCompress_BitwiseCompressOnly_0) bFirstRecompressUsingCurrentOrDefault(1) bTryAlternateCompressor(0) IsCompressedDataValid(0)
[2018.02.07-14.05.16:159][  0]LogTexture: Display: Building textures: Liam_Body_Gloss (AutoDXT, 1024X1024)
[2018.02.07-14.05.16:160][  0]LogAnimationCompression: Building Anim DDC data for AnimSequence /Game/TopDownBP/StealthGuy/Animation/Idle.Idle
[2018.02.07-14.05.16:160][  0]LogAnimationCompression: Recompressing (AnimSequence /Game/TopDownBP/StealthGuy/Animation/Idle.Idle) using current/default (AnimCompress_BitwiseCompressOnly_0) bFirstRecompressUsingCurrentOrDefault(1) bTryAlternateCompressor(0) IsCompressedDataValid(0)
[2018.02.07-14.05.17:603][  0]LogTexture: Display: Building textures: Liam_Body_Diffuse (AutoDXT, 1024X1024)
[2018.02.07-14.05.17:604][  0]LogTexture: Display: Building textures: Liam_Top_Specular (AutoDXT, 1024X1024)
[2018.02.07-14.05.17:608][  0]LogTexture: Display: Building textures: Liam_Top_Opacity (AutoDXT, 1024X1024)
[2018.02.07-14.05.17:609][  0]LogTexture: Display: Building textures: Liam_Top_Gloss (AutoDXT, 1024X1024)
[2018.02.07-14.05.17:609][  0]LogTexture: Display: Building textures: Liam_Top_Normal (BC5, 1024X1024)
[2018.02.07-14.05.17:609][  0]LogTexture: Display: Building textures: Liam_Top_Diffuse (AutoDXT, 1024X1024)
[2018.02.07-14.05.17:609][  0]LogTexture: Display: Building textures: Liam_Shoes_Specular (AutoDXT, 1024X1024)
[2018.02.07-14.05.17:609][  0]LogTexture: Display: Building textures: Liam_Shoes_Opacity (AutoDXT, 1024X1024)
[2018.02.07-14.05.17:627][  0]LogMaterial: Missing cached shader map for material M_Sky_Panning_Clouds2, compiling. 
[2018.02.07-14.05.18:009][  0]LogMaterial: Missing cached shader map for material Shoesmat, compiling. 
[2018.02.07-14.05.18:132][  0]LogMaterial: Missing cached shader map for material Bottommat, compiling. 
[2018.02.07-14.05.18:228][  0]LogMaterial: Missing cached shader map for material Bodymat, compiling. 
[2018.02.07-14.05.18:406][  0]LogMaterial: Missing cached shader map for material M_Tech_Hex_Tile_Pulse, compiling. 
[2018.02.07-14.05.18:482][  0]LogMaterial: Missing cached shader map for material M_Basic_Wall, compiling. 
[2018.02.07-14.05.18:553][  0]LogMaterial: Missing cached shader map for material M_Door, compiling. 
[2018.02.07-14.05.18:609][  0]LogMaterial: Missing cached shader map for material Topmat, compiling. 
[2018.02.07-14.05.18:742][  0]LogMaterial: Missing cached shader map for material M_Glass, compiling. 
[2018.02.07-14.05.18:894][  0]LogMaterial: Missing cached shader map for material CubeMaterial, compiling. 
[2018.02.07-14.05.18:940][  0]LogMaterial: Missing cached shader map for material BasicShapeMaterial, compiling. 
[2018.02.07-14.05.19:060][  0]LogAIModule: Creating AISystem for world TestMap
[2018.02.07-14.05.19:738][  0]LogEditorServer: Finished looking for orphan Actors (0.000 secs)
[2018.02.07-14.05.19:786][  0]Cmd: MAP CHECKDEP NOCLEARLOG
[2018.02.07-14.05.19:941][  0]MapCheck: Map check complete: 0 Error(s), 0 Warning(s), took 154.851ms to complete.
[2018.02.07-14.05.19:942][  0]LogFileHelpers: Loading map 'TestMap' took 12.206
[2018.02.07-14.05.20:272][  0]LogCollectionManager: Loaded 0 collections in 0.037307 seconds
[2018.02.07-14.05.20:492][  0]LogFileCache: Scanning file cache for directory 'F:/My Documents/UnrealGame/Group-D-Ass2-Game/ProjectEspionage/Saved/Collections/' took 0.01s
[2018.02.07-14.05.20:492][  0]LogFileCache: Scanning file cache for directory 'F:/My Documents/UnrealGame/Group-D-Ass2-Game/ProjectEspionage/Content/Developers/17093414/Collections/' took 0.01s
[2018.02.07-14.05.20:492][  0]LogFileCache: Scanning file cache for directory 'F:/My Documents/UnrealGame/Group-D-Ass2-Game/ProjectEspionage/Content/Collections/' took 0.01s
[2018.02.07-14.05.20:492][  0]LogCollectionManager: Rebuilt the GUID cache for 0 collections in 0.000001 seconds
[2018.02.07-14.05.20:525][  0]LogContentBrowser: Native class hierarchy populated in 0.0302 seconds. Added 2363 classes and 519 folders.
[2018.02.07-14.05.20:661][  0]LogContentBrowser: Native class hierarchy updated for 'WidgetCarousel' in 0.0003 seconds. Added 0 classes and 0 folders.
[2018.02.07-14.05.20:835][  0]LogContentBrowser: Native class hierarchy updated for 'AddContentDialog' in 0.0008 seconds. Added 0 classes and 0 folders.
[2018.02.07-14.05.20:929][  0]LogContentBrowser: Native class hierarchy updated for 'SceneOutliner' in 0.0005 seconds. Added 1 classes and 2 folders.
[2018.02.07-14.05.21:208][  0]LogSlate: Took 0.001271 seconds to synchronously load lazily loaded font '../../../Engine/Content/Slate/Fonts/Roboto-Regular.ttf' (155K)
[2018.02.07-14.05.21:214][  0]LogSlate: Took 0.001204 seconds to synchronously load lazily loaded font '../../../Engine/Content/Slate/Fonts/Roboto-Bold.ttf' (160K)
[2018.02.07-14.05.21:223][  0]LogSlate: Took 0.001384 seconds to synchronously load lazily loaded font '../../../Engine/Content/Editor/Slate/Fonts/FontAwesome.ttf' (139K)
[2018.02.07-14.05.21:354][  0]LogMaterial: Missing cached shader map for material LevelGridMaterial2, compiling. 
[2018.02.07-14.05.21:510][  0]LogRenderer: Reallocating scene render targets to support 1208x576 Format 10 NumSamples 1 (Frame:1).
[2018.02.07-14.05.23:246][  0]LogContentBrowser: Native class hierarchy updated for 'HierarchicalLODOutliner' in 0.0004 seconds. Added 1 classes and 2 folders.
[2018.02.07-14.05.23:246][  0]LogLoad: (Engine Initialization) Total time: 103.03 seconds
[2018.02.07-14.05.23:246][  0]LogLoad: (Engine Initialization) Total Blueprint compile time: 0.00 seconds
[2018.02.07-14.05.23:246][  0]LogExternalProfiler: Found external profiler: VSPerf
[2018.02.07-14.05.23:246][  0]LogExternalProfiler: Using external profiler: VSPerf
[2018.02.07-14.05.23:285][  0]LogContentStreaming: Texture pool size now 1000 MB
[2018.02.07-14.05.23:454][  0]LogSlate: Took 0.001457 seconds to synchronously load lazily loaded font '../../../Engine/Content/Slate/Fonts/Roboto-Light.ttf' (159K)
[2018.02.07-14.05.23:556][  1]LogAssetRegistry: Asset discovery search completed in 52.6201 seconds
[2018.02.07-14.05.23:560][  1]LogCollectionManager: Rebuilt the object cache for 0 collections in 0.000001 seconds (found 0 objects)
[2018.02.07-14.05.23:560][  1]LogCollectionManager: Fixed up redirectors for 0 collections in 0.000086 seconds (updated 0 objects)
[2018.02.07-14.05.23:719][  3]LogDirectoryWatcher: A directory notification failed for 'F:/My Documents/UnrealGame/Group-D-Ass2-Game/ProjectEspionage/Content/' because it was empty or there was a buffer overflow. Attemping another request...
[2018.02.07-14.05.23:720][  3]LogDirectoryWatcher: A directory notification failed for 'F:/My Documents/UnrealGame/Group-D-Ass2-Game/ProjectEspionage/Content/', and we were unable to create a new request.
[2018.02.07-14.05.23:720][  3]LogDirectoryWatcher: A directory notification failed for 'F:/My Documents/UnrealGame/Group-D-Ass2-Game/ProjectEspionage/Saved/Collections/' because it was empty or there was a buffer overflow. Attemping another request...
[2018.02.07-14.05.23:720][  3]LogDirectoryWatcher: A directory notification failed for 'F:/My Documents/UnrealGame/Group-D-Ass2-Game/ProjectEspionage/Content/Developers/17093414/Collections/' because it was empty or there was a buffer overflow. Attemping another request...
[2018.02.07-14.05.23:720][  3]LogDirectoryWatcher: A directory notification failed for 'F:/My Documents/UnrealGame/Group-D-Ass2-Game/ProjectEspionage/Content/Collections/' because it was empty or there was a buffer overflow. Attemping another request...
[2018.02.07-14.05.23:737][  4]LogDirectoryWatcher: A directory notification failed for 'F:/My Documents/UnrealGame/Group-D-Ass2-Game/ProjectEspionage/Content/Collections/' because it was empty or there was a buffer overflow. Attemping another request...
[2018.02.07-14.05.23:738][  4]LogDirectoryWatcher: A directory notification failed for 'F:/My Documents/UnrealGame/Group-D-Ass2-Game/ProjectEspionage/Content/Collections/', and we were unable to create a new request.
[2018.02.07-14.05.23:738][  4]LogDirectoryWatcher: A directory notification failed for 'F:/My Documents/UnrealGame/Group-D-Ass2-Game/ProjectEspionage/Content/Developers/17093414/Collections/' because it was empty or there was a buffer overflow. Attemping another request...
[2018.02.07-14.05.23:738][  4]LogDirectoryWatcher: A directory notification failed for 'F:/My Documents/UnrealGame/Group-D-Ass2-Game/ProjectEspionage/Content/Developers/17093414/Collections/', and we were unable to create a new request.
[2018.02.07-14.05.23:738][  4]LogDirectoryWatcher: A directory notification failed for 'F:/My Documents/UnrealGame/Group-D-Ass2-Game/ProjectEspionage/Saved/Collections/' because it was empty or there was a buffer overflow. Attemping another request...
[2018.02.07-14.05.23:739][  4]LogDirectoryWatcher: A directory notification failed for 'F:/My Documents/UnrealGame/Group-D-Ass2-Game/ProjectEspionage/Saved/Collections/', and we were unable to create a new request.
[2018.02.07-14.05.24:329][ 26]LogSlate: Took 0.000778 seconds to synchronously load lazily loaded font '../../../Engine/Content/Slate/Fonts/Roboto-Light.ttf' (159K)
[2018.02.07-14.05.27:612][118]LogSynthBenchmark: Display: FSynthBenchmark (V0.95):  requested WorkScale=5.00
[2018.02.07-14.05.27:612][118]LogSynthBenchmark: Display: ===============
[2018.02.07-14.05.27:612][118]LogSynthBenchmark: Display: Main Processor:
[2018.02.07-14.05.27:808][118]LogSynthBenchmark: Display:          ... 0.021315 s/Run 'RayIntersect'
[2018.02.07-14.05.27:808][118]LogSynthBenchmark: Display:          ... 0.017835 s/Run 'Fractal'
[2018.02.07-14.05.27:808][118]LogSynthBenchmark: Display: 
[2018.02.07-14.05.27:808][118]LogSynthBenchmark: Display:   CompiledTarget_x_Bits: 64
[2018.02.07-14.05.27:808][118]LogSynthBenchmark: Display:   UE_BUILD_SHIPPING: 0
[2018.02.07-14.05.27:808][118]LogSynthBenchmark: Display:   UE_BUILD_TEST: 0
[2018.02.07-14.05.27:808][118]LogSynthBenchmark: Display:   UE_BUILD_DEBUG: 0
[2018.02.07-14.05.27:808][118]LogSynthBenchmark: Display:   TotalPhysicalGBRam: 32
[2018.02.07-14.05.27:808][118]LogSynthBenchmark: Display:   NumberOfCores (physical): 4
[2018.02.07-14.05.27:808][118]LogSynthBenchmark: Display:   NumberOfCores (logical): 8
[2018.02.07-14.05.27:808][118]LogSynthBenchmark: Display:   CPU Perf Index 0: 120.2 (weight 1.00)
[2018.02.07-14.05.27:808][118]LogSynthBenchmark: Display:   CPU Perf Index 1: 160.4 (weight 1.50)
[2018.02.07-14.05.27:808][118]LogSynthBenchmark: Display:  
[2018.02.07-14.05.27:808][118]LogSynthBenchmark: Display: Graphics:
[2018.02.07-14.05.27:808][118]LogSynthBenchmark: Display:   Adapter Name: 'NVIDIA GeForce GTX 970'
[2018.02.07-14.05.27:808][118]LogSynthBenchmark: Display:   (On Optimus the name might be wrong, memory should be ok)
[2018.02.07-14.05.27:808][118]LogSynthBenchmark: Display:   Vendor Id: 0x10DE
[2018.02.07-14.05.27:808][118]LogSynthBenchmark: Display:   Device Id: 0x13C2
[2018.02.07-14.05.27:808][118]LogSynthBenchmark: Display:   Device Revision: 0xA1
[2018.02.07-14.05.27:808][118]LogSynthBenchmark: Display:   GPU Memory: 4008/0/16049 MB
[2018.02.07-14.05.27:884][118]LogSynthBenchmark: Display:   GPU first test: 0.02s
[2018.02.07-14.05.27:885][118]LogSynthBenchmark: Display:          ... 6.346 s/GigaPix, Confidence=100% 'ALUHeavyNoise' (likely to be very inaccurate)
[2018.02.07-14.05.27:885][118]LogSynthBenchmark: Display:          ... 5.755 s/GigaPix, Confidence=100% 'TexHeavy' (likely to be very inaccurate)
[2018.02.07-14.05.27:885][118]LogSynthBenchmark: Display:          ... 4.548 s/GigaPix, Confidence=89% 'DepTexHeavy' (likely to be very inaccurate)
[2018.02.07-14.05.27:885][118]LogSynthBenchmark: Display:          ... 20.284 s/GigaPix, Confidence=100% 'FillOnly' (likely to be very inaccurate)
[2018.02.07-14.05.27:885][118]LogSynthBenchmark: Display:          ... 0.714 s/GigaPix, Confidence=100% 'Bandwidth' (likely to be very inaccurate)
[2018.02.07-14.05.27:885][118]LogSynthBenchmark: Display:          ... 7.201 s/GigaVert, Confidence=70% 'VertThroughPut1' (likely to be very inaccurate)
[2018.02.07-14.05.27:885][118]LogSynthBenchmark: Display:          ... 5.223 s/GigaVert, Confidence=100% 'VertThroughPut2' (likely to be very inaccurate)
[2018.02.07-14.05.28:053][118]LogSynthBenchmark: Display:   GPU second test: 0.12s
[2018.02.07-14.05.28:053][118]LogSynthBenchmark: Display:          ... 8.557 s/GigaPix, Confidence=100% 'ALUHeavyNoise' (likely to be inaccurate)
[2018.02.07-14.05.28:053][118]LogSynthBenchmark: Display:          ... 7.020 s/GigaPix, Confidence=100% 'TexHeavy' (likely to be inaccurate)
[2018.02.07-14.05.28:053][118]LogSynthBenchmark: Display:          ... 6.291 s/GigaPix, Confidence=100% 'DepTexHeavy' (likely to be inaccurate)
[2018.02.07-14.05.28:053][118]LogSynthBenchmark: Display:          ... 33.766 s/GigaPix, Confidence=100% 'FillOnly' (likely to be inaccurate)
[2018.02.07-14.05.28:053][118]LogSynthBenchmark: Display:          ... 0.758 s/GigaPix, Confidence=100% 'Bandwidth' (likely to be inaccurate)
[2018.02.07-14.05.28:053][118]LogSynthBenchmark: Display:          ... 3.515 s/GigaVert, Confidence=89% 'VertThroughPut1' (likely to be inaccurate)
[2018.02.07-14.05.28:053][118]LogSynthBenchmark: Display:          ... 4.298 s/GigaVert, Confidence=100% 'VertThroughPut2' (likely to be inaccurate)
[2018.02.07-14.05.28:053][118]LogSynthBenchmark: Display:   GPU Final Results:
[2018.02.07-14.05.28:053][118]LogSynthBenchmark: Display:          ... 8.557 s/GigaPix, Confidence=100% 'ALUHeavyNoise'
[2018.02.07-14.05.28:054][118]LogSynthBenchmark: Display:          ... 7.020 s/GigaPix, Confidence=100% 'TexHeavy'
[2018.02.07-14.05.28:054][118]LogSynthBenchmark: Display:          ... 6.291 s/GigaPix, Confidence=100% 'DepTexHeavy'
[2018.02.07-14.05.28:054][118]LogSynthBenchmark: Display:          ... 33.766 s/GigaPix, Confidence=100% 'FillOnly'
[2018.02.07-14.05.28:054][118]LogSynthBenchmark: Display:          ... 0.758 s/GigaPix, Confidence=100% 'Bandwidth'
[2018.02.07-14.05.28:054][118]LogSynthBenchmark: Display:          ... 3.515 s/GigaVert, Confidence=89% 'VertThroughPut1'
[2018.02.07-14.05.28:054][118]LogSynthBenchmark: Display:          ... 4.298 s/GigaVert, Confidence=100% 'VertThroughPut2'
[2018.02.07-14.05.28:054][118]LogSynthBenchmark: Display: 
[2018.02.07-14.05.28:054][118]LogSynthBenchmark: Display:   GPU Perf Index 0: 186.0 (weight 1.00)
[2018.02.07-14.05.28:054][118]LogSynthBenchmark: Display:   GPU Perf Index 1: 94.3 (weight 0.10)
[2018.02.07-14.05.28:054][118]LogSynthBenchmark: Display:   GPU Perf Index 2: 163.5 (weight 0.10)
[2018.02.07-14.05.28:054][118]LogSynthBenchmark: Display:   GPU Perf Index 3: 132.6 (weight 3.00)
[2018.02.07-14.05.28:054][118]LogSynthBenchmark: Display:   GPU Perf Index 4: 70.7 (weight 1.00)
[2018.02.07-14.05.28:054][118]LogSynthBenchmark: Display:   GPU Perf Index 5: 228.7 (weight 0.00)
[2018.02.07-14.05.28:054][118]LogSynthBenchmark: Display:   GPU Perf Index 6: 243.3 (weight 0.00)
[2018.02.07-14.05.28:054][118]LogSynthBenchmark: Display:   CPUIndex: 144.3
[2018.02.07-14.05.28:054][118]LogSynthBenchmark: Display:   GPUIndex: 130.8
[2018.02.07-14.05.28:054][118]LogSynthBenchmark: Display: 
[2018.02.07-14.05.28:054][118]LogSynthBenchmark: Display:          ... Total Time: 0.441681 sec
[2018.02.07-14.05.28:183][118]LogWindows: FWindowsPlatformSurvey::TickSurveyHardware() WinSAT assessment state is out-of-date. Unable to examine some hardware metrics. Run the Windows Experience Index Assessment.
[2018.02.07-14.05.29:796][206]LogSlate: Took 0.000207 seconds to synchronously load lazily loaded font '../../../Engine/Content/Slate/Fonts/Roboto-Light.ttf' (159K)
[2018.02.07-14.05.30:360][206]LogContentBrowser: Native class hierarchy updated for 'BlueprintGraph' in 0.0012 seconds. Added 116 classes and 0 folders.
[2018.02.07-14.05.31:308][206]LogMaterial: Missing cached shader map for material GridMaterial, compiling. 
[2018.02.07-14.05.31:373][206]LogMaterial: Missing cached shader map for material PersonaFloorMat, compiling. 
[2018.02.07-14.05.31:495][206]LogSlate: Took 0.001715 seconds to synchronously load lazily loaded font '../../../Engine/Content/Editor/Slate/Fonts/Roboto-BoldCondensed.ttf' (158K)
[2018.02.07-14.05.37:392][541]Cmd: QUIT_EDITOR
[2018.02.07-14.05.37:437][541]LogExit: Preparing to exit.
[2018.02.07-14.05.38:182][541]LogExit: Editor shut down
[2018.02.07-14.05.38:185][541]LogExit: Transaction tracking system shut down
[2018.02.07-14.05.38:506][541]LogDirectoryWatcher: A directory notification for '../../../Engine/Content/' was aborted.
[2018.02.07-14.05.38:506][541]LogDirectoryWatcher: A directory notification for '../../../Engine/Plugins/2D/Paper2D/Content/' was aborted.
[2018.02.07-14.05.38:507][541]LogDirectoryWatcher: A directory notification for '../../../Engine/Plugins/Media/MediaCompositing/Content/' was aborted.
[2018.02.07-14.05.38:507][541]LogDirectoryWatcher: A directory notification for '../../../Engine/Plugins/Runtime/AppleARKit/Content/' was aborted.
[2018.02.07-14.05.38:507][541]LogDirectoryWatcher: A directory notification for '../../../Engine/Plugins/Runtime/Oculus/OculusVR/Content/' was aborted.
[2018.02.07-14.05.38:508][541]LogDirectoryWatcher: A directory notification for '../../../Engine/Plugins/Runtime/Steam/SteamVR/Content/' was aborted.
[2018.02.07-14.05.38:699][541]LogExit: Object subsystem successfully closed.
[2018.02.07-14.05.38:712][541]LogD3D11RHI: Shutdown
[2018.02.07-14.05.38:713][541]LogD3D11RHI: CleanupD3DDevice
[2018.02.07-14.05.38:716][541]LogD3D11RHI: ~FD3D11DynamicRHI
[2018.02.07-14.05.38:732][541]LogModuleManager: Shutting down and abandoning module BlueprintGraph (552)
[2018.02.07-14.05.38:732][541]LogModuleManager: Shutting down and abandoning module SynthBenchmark (550)
[2018.02.07-14.05.38:732][541]LogModuleManager: Shutting down and abandoning module HierarchicalLODOutliner (548)
[2018.02.07-14.05.38:732][541]LogModuleManager: Shutting down and abandoning module SceneOutliner (546)
[2018.02.07-14.05.38:732][541]LogModuleManager: Shutting down and abandoning module AddContentDialog (544)
[2018.02.07-14.05.38:733][541]LogDirectoryWatcher: A directory notification for 'C:/Program Files (x86)/Epic Games/UE_4.18/FeaturePacks/' was aborted.
[2018.02.07-14.05.38:734][541]LogModuleManager: Shutting down and abandoning module WidgetCarousel (543)
[2018.02.07-14.05.38:734][541]LogModuleManager: Shutting down and abandoning module EditorWidgets (540)
[2018.02.07-14.05.38:734][541]LogModuleManager: Shutting down and abandoning module CollectionManager (538)
[2018.02.07-14.05.38:734][541]LogModuleManager: Shutting down and abandoning module StatsViewer (536)
[2018.02.07-14.05.38:734][541]LogModuleManager: Shutting down and abandoning module FoliageEdit (534)
[2018.02.07-14.05.38:734][541]LogModuleManager: Shutting down and abandoning module LandscapeEditor (532)
[2018.02.07-14.05.38:734][541]LogModuleManager: Shutting down and abandoning module MeshPaintMode (530)
[2018.02.07-14.05.38:734][541]LogModuleManager: Shutting down and abandoning module SceneDepthPickerMode (528)
[2018.02.07-14.05.38:734][541]LogModuleManager: Shutting down and abandoning module ActorPickerMode (526)
[2018.02.07-14.05.38:734][541]LogModuleManager: Shutting down and abandoning module GeometryMode (524)
[2018.02.07-14.05.38:734][541]LogModuleManager: Shutting down and abandoning module TextureAlignMode (522)
[2018.02.07-14.05.38:734][541]LogModuleManager: Shutting down and abandoning module BspMode (520)
[2018.02.07-14.05.38:734][541]LogModuleManager: Shutting down and abandoning module PIEPreviewDeviceProfileSelector (518)
[2018.02.07-14.05.38:734][541]LogModuleManager: Shutting down and abandoning module HardwareSurvey (516)
[2018.02.07-14.05.38:734][541]LogModuleManager: Shutting down and abandoning module SequenceRecorderSections (514)
[2018.02.07-14.05.38:734][541]LogModuleManager: Shutting down and abandoning module AutomationWorker (512)
[2018.02.07-14.05.38:734][541]LogModuleManager: Shutting down and abandoning module MatineeToLevelSequence (510)
[2018.02.07-14.05.38:734][541]LogModuleManager: Shutting down and abandoning module LevelSequenceEditor (508)
[2018.02.07-14.05.38:735][541]LogModuleManager: Shutting down and abandoning module PlacementMode (507)
[2018.02.07-14.05.38:735][541]LogModuleManager: Shutting down and abandoning module WmfMediaFactory (504)
[2018.02.07-14.05.38:735][541]LogModuleManager: Shutting down and abandoning module WmfMediaEditor (502)
[2018.02.07-14.05.38:735][541]LogModuleManager: Shutting down and abandoning module OpenExrWrapper (500)
[2018.02.07-14.05.38:735][541]LogModuleManager: Shutting down and abandoning module ImgMediaFactory (498)
[2018.02.07-14.05.38:735][541]LogModuleManager: Shutting down and abandoning module ImgMediaEditor (496)
[2018.02.07-14.05.38:735][541]LogModuleManager: Shutting down and abandoning module AvfMediaFactory (494)
[2018.02.07-14.05.38:735][541]LogModuleManager: Shutting down and abandoning module AvfMediaEditor (492)
[2018.02.07-14.05.38:735][541]LogModuleManager: Shutting down and abandoning module AndroidMediaFactory (490)
[2018.02.07-14.05.38:735][541]LogModuleManager: Shutting down and abandoning module AndroidMediaEditor (488)
[2018.02.07-14.05.38:735][541]LogModuleManager: Shutting down and abandoning module CharacterAI (486)
[2018.02.07-14.05.38:735][541]LogModuleManager: Shutting down and abandoning module AudioCapture (484)
[2018.02.07-14.05.38:735][541]LogModuleManager: Shutting down and abandoning module SequenceRecorder (483)
[2018.02.07-14.05.38:735][541]LogModuleManager: Shutting down and abandoning module SmartSnapping (480)
[2018.02.07-14.05.38:735][541]LogModuleManager: Shutting down and abandoning module SessionServices (478)
[2018.02.07-14.05.38:735][541]LogModuleManager: Shutting down and abandoning module ViewportSnapping (476)
[2018.02.07-14.05.38:736][541]LogModuleManager: Shutting down and abandoning module ViewportInteraction (474)
[2018.02.07-14.05.38:736][541]LogModuleManager: Shutting down and abandoning module ClothPainter (472)
[2018.02.07-14.05.38:736][541]LogModuleManager: Shutting down and abandoning module SkeletalMeshEditor (471)
[2018.02.07-14.05.38:737][541]LogModuleManager: Shutting down and abandoning module LogVisualizer (468)
[2018.02.07-14.05.38:737][541]LogModuleManager: Shutting down and abandoning module IntroTutorials (466)
[2018.02.07-14.05.38:737][541]LogModuleManager: Shutting down and abandoning module GameProjectGeneration (465)
[2018.02.07-14.05.38:737][541]LogModuleManager: Shutting down and abandoning module IOSPlatformEditor (462)
[2018.02.07-14.05.38:738][541]LogModuleManager: Shutting down and abandoning module HTML5PlatformEditor (460)
[2018.02.07-14.05.38:738][541]LogModuleManager: Shutting down and abandoning module AndroidPlatformEditor (458)
[2018.02.07-14.05.38:738][541]LogModuleManager: Shutting down and abandoning module AndroidDeviceDetection (457)
[2018.02.07-14.05.39:307][541]LogModuleManager: Shutting down and abandoning module WindowsPlatformEditor (454)
[2018.02.07-14.05.39:307][541]LogModuleManager: Shutting down and abandoning module IOSRuntimeSettings (452)
[2018.02.07-14.05.39:307][541]LogModuleManager: Shutting down and abandoning module AndroidRuntimeSettings (450)
[2018.02.07-14.05.39:307][541]LogModuleManager: Shutting down and abandoning module InputBindingEditor (448)
[2018.02.07-14.05.39:307][541]LogModuleManager: Shutting down and abandoning module MergeActors (446)
[2018.02.07-14.05.39:308][541]LogModuleManager: Shutting down and abandoning module SizeMap (444)
[2018.02.07-14.05.39:308][541]LogModuleManager: Shutting down and abandoning module TreeMap (442)
[2018.02.07-14.05.39:308][541]LogModuleManager: Shutting down and abandoning module ReferenceViewer (440)
[2018.02.07-14.05.39:308][541]LogModuleManager: Shutting down and abandoning module LocalizationDashboard (438)
[2018.02.07-14.05.39:308][541]LogModuleManager: Shutting down and abandoning module LocalizationService (437)
[2018.02.07-14.05.39:308][541]LogModuleManager: Shutting down and abandoning module HardwareTargeting (434)
[2018.02.07-14.05.39:308][541]LogModuleManager: Shutting down and abandoning module DeviceProfileEditor (432)
[2018.02.07-14.05.39:308][541]LogModuleManager: Shutting down and abandoning module UndoHistory (430)
[2018.02.07-14.05.39:308][541]LogModuleManager: Shutting down and abandoning module XmlParser (428)
[2018.02.07-14.05.39:308][541]LogModuleManager: Shutting down and abandoning module Blutility (426)
[2018.02.07-14.05.39:308][541]LogModuleManager: Shutting down and abandoning module ProjectSettingsViewer (424)
[2018.02.07-14.05.39:308][541]LogModuleManager: Shutting down and abandoning module ProjectTargetPlatformEditor (423)
[2018.02.07-14.05.39:308][541]LogModuleManager: Shutting down and abandoning module EditorSettingsViewer (420)
[2018.02.07-14.05.39:308][541]LogModuleManager: Shutting down and abandoning module SettingsEditor (418)
[2018.02.07-14.05.39:309][541]LogModuleManager: Shutting down and abandoning module ProjectLauncher (416)
[2018.02.07-14.05.39:309][541]LogModuleManager: Shutting down and abandoning module SessionFrontend (414)
[2018.02.07-14.05.39:309][541]LogModuleManager: Shutting down and abandoning module ProfilerClient (412)
[2018.02.07-14.05.39:309][541]LogModuleManager: Shutting down and abandoning module DeviceManager (410)
[2018.02.07-14.05.39:309][541]LogModuleManager: Shutting down and abandoning module TargetDeviceServices (409)
[2018.02.07-14.05.39:359][541]LogModuleManager: Shutting down and abandoning module AutomationController (406)
[2018.02.07-14.05.39:359][541]LogModuleManager: Shutting down and abandoning module AutomationWindow (404)
[2018.02.07-14.05.39:360][541]LogModuleManager: Shutting down and abandoning module Layers (402)
[2018.02.07-14.05.39:362][541]LogModuleManager: Shutting down and abandoning module ComponentVisualizers (400)
[2018.02.07-14.05.39:362][541]LogModuleManager: Shutting down and abandoning module DetailCustomizations (398)
[2018.02.07-14.05.39:362][541]LogModuleManager: Shutting down and abandoning module PackagesDialog (396)
[2018.02.07-14.05.39:362][541]LogModuleManager: Shutting down and abandoning module Persona (394)
[2018.02.07-14.05.39:363][541]LogModuleManager: Shutting down and abandoning module AdvancedPreviewScene (393)
[2018.02.07-14.05.39:363][541]LogModuleManager: Shutting down and abandoning module AnimGraph (391)
[2018.02.07-14.05.39:363][541]LogModuleManager: Shutting down and abandoning module Kismet (388)
[2018.02.07-14.05.39:368][541]LogModuleManager: Shutting down and abandoning module ClassViewer (386)
[2018.02.07-14.05.39:368][541]LogModuleManager: Shutting down and abandoning module Toolbox (384)
[2018.02.07-14.05.39:368][541]LogModuleManager: Shutting down and abandoning module ModuleUI (382)
[2018.02.07-14.05.39:369][541]LogModuleManager: Shutting down and abandoning module MovieSceneTools (380)
[2018.02.07-14.05.39:369][541]LogModuleManager: Shutting down and abandoning module OutputLog (378)
[2018.02.07-14.05.39:369][541]LogModuleManager: Shutting down and abandoning module GammaUI (376)
[2018.02.07-14.05.39:370][541]LogModuleManager: Shutting down and abandoning module Documentation (374)
[2018.02.07-14.05.39:370][541]LogModuleManager: Shutting down and abandoning module MovieSceneTracks (372)
[2018.02.07-14.05.39:370][541]LogModuleManager: Shutting down and abandoning module MovieScene (370)
[2018.02.07-14.05.39:370][541]LogModuleManager: Shutting down and abandoning module StreamingPauseRendering (368)
[2018.02.07-14.05.39:370][541]LogModuleManager: Shutting down and abandoning module LauncherPlatform (366)
[2018.02.07-14.05.39:370][541]LogModuleManager: Shutting down and abandoning module AnalyticsET (364)
[2018.02.07-14.05.39:370][541]LogModuleManager: Shutting down and abandoning module PortalServices (362)
[2018.02.07-14.05.39:370][541]LogModuleManager: Shutting down and abandoning module PortalRpc (360)
[2018.02.07-14.05.39:370][541]LogModuleManager: Shutting down and abandoning module MessagingRpc (358)
[2018.02.07-14.05.39:370][541]LogModuleManager: Shutting down and abandoning module AIModule (356)
[2018.02.07-14.05.39:370][541]LogModuleManager: Shutting down and abandoning module GameplayDebugger (355)
[2018.02.07-14.05.39:370][541]LogModuleManager: Shutting down and abandoning module AITestSuite (353)
[2018.02.07-14.05.39:370][541]LogModuleManager: Shutting down and abandoning module DesktopPlatform (350)
[2018.02.07-14.05.39:370][541]LogModuleManager: Shutting down and abandoning module ProfilerService (348)
[2018.02.07-14.05.39:575][541]LogModuleManager: Shutting down and abandoning module TaskGraph (346)
[2018.02.07-14.05.39:575][541]LogModuleManager: Shutting down and abandoning module SteamVRController (344)
[2018.02.07-14.05.39:575][541]LogModuleManager: Shutting down and abandoning module ProceduralMeshComponentEditor (342)
[2018.02.07-14.05.39:575][541]LogModuleManager: Shutting down and abandoning module ProceduralMeshComponent (340)
[2018.02.07-14.05.39:575][541]LogModuleManager: Shutting down and abandoning module OculusInput (338)
[2018.02.07-14.05.39:575][541]LogModuleManager: Shutting down and abandoning module MobilePatchingUtils (336)
[2018.02.07-14.05.39:575][541]LogModuleManager: Shutting down and abandoning module CustomMeshComponent (334)
[2018.02.07-14.05.39:575][541]LogModuleManager: Shutting down and abandoning module CableComponent (332)
[2018.02.07-14.05.39:575][541]LogModuleManager: Shutting down and abandoning module ArchVisCharacter (330)
[2018.02.07-14.05.39:575][541]LogModuleManager: Shutting down and abandoning module AndroidPermission (328)
[2018.02.07-14.05.39:575][541]LogModuleManager: Shutting down and abandoning module ActorSequence (324)
[2018.02.07-14.05.39:575][541]LogModuleManager: Shutting down and abandoning module MediaPlayerEditor (322)
[2018.02.07-14.05.39:576][541]LogModuleManager: Shutting down and abandoning module MediaCompositingEditor (320)
[2018.02.07-14.05.39:576][541]LogModuleManager: Shutting down and abandoning module MediaCompositing (318)
[2018.02.07-14.05.39:576][541]LogModuleManager: Shutting down and abandoning module HTML5Networking (316)
[2018.02.07-14.05.39:576][541]LogModuleManager: Shutting down and abandoning module AlembicImporter (314)
[2018.02.07-14.05.39:576][541]LogModuleManager: Shutting down and abandoning module AlembicLibrary (313)
[2018.02.07-14.05.39:576][541]LogModuleManager: Shutting down and abandoning module GeometryCache (312)
[2018.02.07-14.05.39:576][541]LogModuleManager: Shutting down and abandoning module GeometryCacheEd (311)
[2018.02.07-14.05.39:576][541]LogModuleManager: Shutting down and abandoning module SpeedTreeImporter (306)
[2018.02.07-14.05.39:576][541]LogModuleManager: Shutting down and abandoning module PluginBrowser (304)
[2018.02.07-14.05.39:576][541]LogModuleManager: Shutting down and abandoning module MobileLauncherProfileWizard (302)
[2018.02.07-14.05.39:577][541]LogModuleManager: Shutting down and abandoning module VisualStudioSourceCodeAccess (300)
[2018.02.07-14.05.39:577][541]LogModuleManager: Shutting down and abandoning module VisualStudioCodeSourceCodeAccess (298)
[2018.02.07-14.05.39:577][541]LogModuleManager: Shutting down and abandoning module UObjectPlugin (296)
[2018.02.07-14.05.39:577][541]LogModuleManager: Shutting down and abandoning module SubversionSourceControl (294)
[2018.02.07-14.05.39:577][541]LogModuleManager: Shutting down and abandoning module PerforceSourceControl (292)
[2018.02.07-14.05.39:577][541]LogModuleManager: Shutting down and abandoning module GitSourceControl (290)
[2018.02.07-14.05.39:577][541]LogModuleManager: Shutting down and abandoning module SourceControl (289)
[2018.02.07-14.05.39:577][541]LogModuleManager: Shutting down and abandoning module LightPropagationVolumeEditor (286)
[2018.02.07-14.05.39:577][541]LogModuleManager: Shutting down and abandoning module PaperTiledImporter (284)
[2018.02.07-14.05.39:577][541]LogModuleManager: Shutting down and abandoning module PaperSpriteSheetImporter (282)
[2018.02.07-14.05.39:577][541]LogModuleManager: Shutting down and abandoning module Paper2DEditor (280)
[2018.02.07-14.05.39:578][541]LogModuleManager: Shutting down and abandoning module MeshPaint (279)
[2018.02.07-14.05.39:578][541]LogModuleManager: Shutting down and abandoning module LevelEditor (277)
[2018.02.07-14.05.39:579][541]LogModuleManager: Shutting down and abandoning module PixelInspectorModule (276)
[2018.02.07-14.05.39:579][541]LogModuleManager: Shutting down and abandoning module MainFrame (274)
[2018.02.07-14.05.39:579][541]LogModuleManager: Shutting down and abandoning module HotReload (273)
[2018.02.07-14.05.39:579][541]LogModuleManager: Shutting down and abandoning module RuntimePhysXCooking (268)
[2018.02.07-14.05.39:579][541]LogModuleManager: Shutting down and abandoning module PhysXVehiclesEditor (266)
[2018.02.07-14.05.39:579][541]LogModuleManager: Shutting down and abandoning module PhysXVehicles (264)
[2018.02.07-14.05.39:579][541]LogModuleManager: Shutting down and abandoning module OculusEditor (262)
[2018.02.07-14.05.39:579][541]LogModuleManager: Shutting down and abandoning module LocationServicesBPLibrary (260)
[2018.02.07-14.05.39:579][541]LogModuleManager: Shutting down and abandoning module ImmediatePhysicsEditor (258)
[2018.02.07-14.05.39:579][541]LogModuleManager: Shutting down and abandoning module ImmediatePhysics (256)
[2018.02.07-14.05.39:579][541]LogModuleManager: Shutting down and abandoning module UdpMessaging (254)
[2018.02.07-14.05.39:679][541]LogModuleManager: Shutting down and abandoning module TcpMessaging (252)
[2018.02.07-14.05.39:779][541]LogModuleManager: Shutting down and abandoning module GameplayTagsEditor (250)
[2018.02.07-14.05.39:779][541]LogModuleManager: Shutting down and abandoning module FacialAnimationEditor (248)
[2018.02.07-14.05.39:779][541]LogModuleManager: Shutting down and abandoning module FacialAnimation (246)
[2018.02.07-14.05.39:779][541]LogModuleManager: Shutting down and abandoning module AssetManagerEditor (244)
[2018.02.07-14.05.39:779][541]LogModuleManager: Shutting down and abandoning module GraphEditor (243)
[2018.02.07-14.05.39:779][541]LogModuleManager: Shutting down and abandoning module ContentBrowser (241)
[2018.02.07-14.05.39:780][541]LogModuleManager: Shutting down and abandoning module LightPropagationVolumeRuntime (238)
[2018.02.07-14.05.39:780][541]LogModuleManager: Shutting down and abandoning module Paper2D (236)
[2018.02.07-14.05.39:780][541]LogModuleManager: Shutting down and abandoning module WindowsMoviePlayer (234)
[2018.02.07-14.05.39:780][541]LogModuleManager: Shutting down and abandoning module WmfMedia (232)
[2018.02.07-14.05.39:780][541]LogModuleManager: Shutting down and abandoning module ImgMedia (230)
[2018.02.07-14.05.39:780][541]LogModuleManager: Shutting down and abandoning module PacketHandler (228)
[2018.02.07-14.05.39:780][541]LogModuleManager: Shutting down and abandoning module ClothingSystemEditor (226)
[2018.02.07-14.05.39:780][541]LogModuleManager: Shutting down and abandoning module ClothingSystemRuntime (224)
[2018.02.07-14.05.39:781][541]LogModuleManager: Shutting down and abandoning module MediaAssets (222)
[2018.02.07-14.05.39:781][541]LogModuleManager: Shutting down and abandoning module Media (221)
[2018.02.07-14.05.39:786][541]LogModuleManager: Shutting down and abandoning module Overlay (218)
[2018.02.07-14.05.39:786][541]LogModuleManager: Shutting down and abandoning module OverlayEditor (217)
[2018.02.07-14.05.39:786][541]LogModuleManager: Shutting down and abandoning module VREditor (214)
[2018.02.07-14.05.39:786][541]LogModuleManager: Shutting down and abandoning module StringTableEditor (212)
[2018.02.07-14.05.39:786][541]LogModuleManager: Shutting down and abandoning module GameplayTasksEditor (210)
[2018.02.07-14.05.39:786][541]LogModuleManager: Shutting down and abandoning module BehaviorTreeEditor (208)
[2018.02.07-14.05.39:787][541]LogModuleManager: Shutting down and abandoning module FunctionalTesting (206)
[2018.02.07-14.05.39:787][541]LogModuleManager: Shutting down and abandoning module CollisionAnalyzer (204)
[2018.02.07-14.05.39:787][541]LogModuleManager: Shutting down and abandoning module WorkspaceMenuStructure (203)
[2018.02.07-14.05.39:787][541]LogModuleManager: Shutting down and abandoning module UMG (200)
[2018.02.07-14.05.39:787][541]LogModuleManager: Shutting down and abandoning module UMGEditor (199)
[2018.02.07-14.05.39:788][541]LogModuleManager: Shutting down and abandoning module Sequencer (198)
[2018.02.07-14.05.39:789][541]LogModuleManager: Shutting down and abandoning module MessageLog (195)
[2018.02.07-14.05.39:789][541]LogModuleManager: Shutting down and abandoning module SlateReflector (190)
[2018.02.07-14.05.39:790][541]LogModuleManager: Shutting down and abandoning module Slate (188)
[2018.02.07-14.05.39:790][541]LogModuleManager: Shutting down and abandoning module EditorStyle (186)
[2018.02.07-14.05.39:791][541]LogModuleManager: Shutting down and abandoning module MRMesh (184)
[2018.02.07-14.05.39:791][541]LogModuleManager: Shutting down and abandoning module SourceCodeAccess (182)
[2018.02.07-14.05.39:791][541]LogModuleManager: Shutting down and abandoning module HeadMountedDisplay (180)
[2018.02.07-14.05.39:792][541]LogModuleManager: Shutting down and abandoning module XAudio2 (178)
[2018.02.07-14.05.39:792][541]LogModuleManager: Shutting down and abandoning module Networking (176)
[2018.02.07-14.05.39:792][541]LogModuleManager: Shutting down and abandoning module Core (172)
[2018.02.07-14.05.39:792][541]LogModuleManager: Shutting down and abandoning module LevelSequence (168)
[2018.02.07-14.05.39:792][541]LogModuleManager: Shutting down and abandoning module DirectoryWatcher (166)
[2018.02.07-14.05.39:792][541]LogModuleManager: Shutting down and abandoning module KismetCompiler (164)
[2018.02.07-14.05.39:792][541]LogModuleManager: Shutting down and abandoning module MeshUtilities (162)
[2018.02.07-14.05.39:792][541]LogModuleManager: Shutting down and abandoning module MeshMergeUtilities (161)
[2018.02.07-14.05.39:792][541]LogModuleManager: Shutting down and abandoning module MeshReductionInterface (160)
[2018.02.07-14.05.39:792][541]LogModuleManager: Shutting down and abandoning module SimplygonSwarm (159)
[2018.02.07-14.05.39:793][541]LogModuleManager: Shutting down and abandoning module SimplygonMeshReduction (157)
[2018.02.07-14.05.39:793][541]LogModuleManager: Shutting down and abandoning module QuadricMeshReduction (155)
[2018.02.07-14.05.39:793][541]LogModuleManager: Shutting down and abandoning module MaterialBaking (151)
[2018.02.07-14.05.39:793][541]LogModuleManager: Shutting down and abandoning module DerivedDataCache (148)
[2018.02.07-14.05.40:288][541]LogDerivedDataCache: Shutdown
[2018.02.07-14.05.40:288][541]LogModuleManager: Shutting down and abandoning module TargetPlatform (146)
[2018.02.07-14.05.40:288][541]LogModuleManager: Shutting down and abandoning module VulkanShaderFormat (145)
[2018.02.07-14.05.40:288][541]LogModuleManager: Shutting down and abandoning module ShaderFormatVectorVM (143)
[2018.02.07-14.05.40:289][541]LogModuleManager: Shutting down and abandoning module ShaderFormatOpenGL (141)
[2018.02.07-14.05.40:289][541]LogModuleManager: Shutting down and abandoning module ShaderFormatD3D (139)
[2018.02.07-14.05.40:289][541]LogModuleManager: Shutting down and abandoning module MetalShaderFormat (137)
[2018.02.07-14.05.40:289][541]LogModuleManager: Shutting down and abandoning module TextureFormatUncompressed (135)
[2018.02.07-14.05.40:289][541]LogModuleManager: Shutting down and abandoning module TextureFormatPVR (133)
[2018.02.07-14.05.40:290][541]LogModuleManager: Shutting down and abandoning module TextureFormatDXT (131)
[2018.02.07-14.05.40:290][541]LogModuleManager: Shutting down and abandoning module TextureFormatIntelISPCTexComp (129)
[2018.02.07-14.05.40:290][541]LogModuleManager: Shutting down and abandoning module TextureFormatASTC (127)
[2018.02.07-14.05.40:290][541]LogModuleManager: Shutting down and abandoning module ImageWrapper (126)
[2018.02.07-14.05.40:290][541]LogModuleManager: Shutting down and abandoning module TextureFormatAndroid (123)
[2018.02.07-14.05.40:290][541]LogModuleManager: Shutting down and abandoning module AudioFormatOpus (121)
[2018.02.07-14.05.40:290][541]LogModuleManager: Shutting down and abandoning module AudioFormatOgg (119)
[2018.02.07-14.05.40:290][541]LogModuleManager: Shutting down and abandoning module AudioFormatADPCM (117)
[2018.02.07-14.05.40:290][541]LogModuleManager: Shutting down and abandoning module LinuxTargetPlatform (115)
[2018.02.07-14.05.40:290][541]LogModuleManager: Shutting down and abandoning module LinuxServerTargetPlatform (113)
[2018.02.07-14.05.40:290][541]LogModuleManager: Shutting down and abandoning module LinuxNoEditorTargetPlatform (111)
[2018.02.07-14.05.40:290][541]LogModuleManager: Shutting down and abandoning module LinuxClientTargetPlatform (109)
[2018.02.07-14.05.40:290][541]LogModuleManager: Shutting down and abandoning module TVOSTargetPlatform (107)
[2018.02.07-14.05.40:290][541]LogModuleManager: Shutting down and abandoning module Messaging (105)
[2018.02.07-14.05.40:290][541]LogModuleManager: Shutting down and abandoning module IOSTargetPlatform (103)
[2018.02.07-14.05.40:290][541]LogModuleManager: Shutting down and abandoning module HTML5TargetPlatform (101)
[2018.02.07-14.05.40:290][541]LogModuleManager: Shutting down and abandoning module AndroidTargetPlatform (99)
[2018.02.07-14.05.40:290][541]LogModuleManager: Shutting down and abandoning module Android_PVRTCTargetPlatform (97)
[2018.02.07-14.05.40:290][541]LogModuleManager: Shutting down and abandoning module Android_MultiTargetPlatform (95)
[2018.02.07-14.05.40:290][541]LogModuleManager: Shutting down and abandoning module Android_ETC2TargetPlatform (93)
[2018.02.07-14.05.40:290][541]LogModuleManager: Shutting down and abandoning module Android_ETC1TargetPlatform (91)
[2018.02.07-14.05.40:290][541]LogModuleManager: Shutting down and abandoning module Android_DXTTargetPlatform (89)
[2018.02.07-14.05.40:290][541]LogModuleManager: Shutting down and abandoning module Android_ATCTargetPlatform (87)
[2018.02.07-14.05.40:290][541]LogModuleManager: Shutting down and abandoning module Android_ASTCTargetPlatform (85)
[2018.02.07-14.05.40:290][541]LogModuleManager: Shutting down and abandoning module WindowsTargetPlatform (83)
[2018.02.07-14.05.40:290][541]LogModuleManager: Shutting down and abandoning module WindowsServerTargetPlatform (81)
[2018.02.07-14.05.40:290][541]LogModuleManager: Shutting down and abandoning module WindowsNoEditorTargetPlatform (79)
[2018.02.07-14.05.40:290][541]LogModuleManager: Shutting down and abandoning module WindowsClientTargetPlatform (77)
[2018.02.07-14.05.40:290][541]LogModuleManager: Shutting down and abandoning module MacTargetPlatform (75)
[2018.02.07-14.05.40:290][541]LogModuleManager: Shutting down and abandoning module MacServerTargetPlatform (73)
[2018.02.07-14.05.40:290][541]LogModuleManager: Shutting down and abandoning module MacNoEditorTargetPlatform (71)
[2018.02.07-14.05.40:290][541]LogModuleManager: Shutting down and abandoning module MacClientTargetPlatform (69)
[2018.02.07-14.05.40:290][541]LogModuleManager: Shutting down and abandoning module AllDesktopTargetPlatform (67)
[2018.02.07-14.05.40:290][541]LogModuleManager: Shutting down and abandoning module InputCore (64)
[2018.02.07-14.05.40:290][541]LogModuleManager: Shutting down and abandoning module Settings (62)
[2018.02.07-14.05.40:290][541]LogModuleManager: Shutting down and abandoning module PhysXCooking (60)
[2018.02.07-14.05.40:290][541]LogModuleManager: Shutting down and abandoning module SteamVR (58)
[2018.02.07-14.05.40:290][541]LogModuleManager: Shutting down and abandoning module OculusHMD (56)
[2018.02.07-14.05.40:290][541]LogModuleManager: Shutting down and abandoning module ExampleDeviceProfileSelector (54)
[2018.02.07-14.05.40:290][541]LogModuleManager: Shutting down and abandoning module AppleARKit (52)
[2018.02.07-14.05.40:290][541]LogModuleManager: Shutting down and abandoning module AugmentedReality (51)
[2018.02.07-14.05.40:290][541]LogModuleManager: Shutting down and abandoning module OnlineBlueprintSupport (48)
[2018.02.07-14.05.40:290][541]LogModuleManager: Shutting down and abandoning module OnlineSubsystem (44)
[2018.02.07-14.05.40:291][541]LogModuleManager: Shutting down and abandoning module XMPP (43)
[2018.02.07-14.05.40:291][541]LogModuleManager: Shutting down and abandoning module HTTP (41)
[2018.02.07-14.05.40:291][541]LogHttp: Display: Http module shutting down, but needs to wait on 1 outstanding Http requests:
[2018.02.07-14.05.40:291][541]LogHttp: Display: 	verb=[POST] url=[https://datarouter.ol.epicgames.com/datarouter/api/v1/public/data?SessionID=%7B1B609664-4CB6-2C4D-41FC-12B63CB8D817%7D&AppID=UEEditor.Rocket.Release&AppVersion=4.18.3-3832480%2B%2B%2BUE4%2BRelease-4.18&UserID=7acbb6884e51b64a4d36db9f78dd6a2e%7C%7Cf2eaebd3-5d71-4529-9362-09330573cf79&AppEnvironment=datacollector-binary&UploadType=eteventstream] status=Processing
[2018.02.07-14.05.40:295][541]LogModuleManager: Shutting down and abandoning module SSL (40)
[2018.02.07-14.05.40:296][541]LogModuleManager: Shutting down and abandoning module AnimationModifiers (36)
[2018.02.07-14.05.40:296][541]LogModuleManager: Shutting down and abandoning module PropertyEditor (35)
[2018.02.07-14.05.40:296][541]LogModuleManager: Shutting down and abandoning module AudioEditor (32)
[2018.02.07-14.05.40:296][541]LogModuleManager: Shutting down and abandoning module TextureCompressor (30)
[2018.02.07-14.05.40:296][541]LogModuleManager: Shutting down and abandoning module ShaderCore (28)
[2018.02.07-14.05.40:296][541]LogModuleManager: Shutting down and abandoning module Landscape (26)
[2018.02.07-14.05.40:296][541]LogModuleManager: Shutting down and abandoning module SlateRHIRenderer (24)
[2018.02.07-14.05.40:297][541]LogModuleManager: Shutting down and abandoning module OpenGLDrv (22)
[2018.02.07-14.05.40:298][541]LogModuleManager: Shutting down and abandoning module D3D11RHI (20)
[2018.02.07-14.05.40:298][541]LogModuleManager: Shutting down and abandoning module AnimGraphRuntime (18)
[2018.02.07-14.05.40:298][541]LogModuleManager: Shutting down and abandoning module Renderer (16)
[2018.02.07-14.05.40:298][541]LogModuleManager: Shutting down and abandoning module Engine (14)
[2018.02.07-14.05.40:298][541]LogModuleManager: Shutting down and abandoning module CoreUObject (12)
[2018.02.07-14.05.40:298][541]LogModuleManager: Shutting down and abandoning module NetworkFile (10)
[2018.02.07-14.05.40:298][541]LogModuleManager: Shutting down and abandoning module CookedIterativeFile (8)
[2018.02.07-14.05.40:298][541]LogModuleManager: Shutting down and abandoning module StreamingFile (6)
[2018.02.07-14.05.40:298][541]LogModuleManager: Shutting down and abandoning module SandboxFile (4)
[2018.02.07-14.05.40:298][541]LogModuleManager: Shutting down and abandoning module PakFile (2)
[2018.02.07-14.05.40:300][541]LogExit: Exiting.
[2018.02.07-14.05.40:326][541]Log file closed, 02/07/18 14:05:40
