LogFileManager: Error: Error flushing file: F:/My Documents/Unreal Projects/Group-D-Ass2-Game/ProjectEspionage/Saved/Logs/ProjectEspionage.log (There is not enough space on the disk.)
LogInit: Build: ++UE4+Release-4.18-CL-3794801
LogInit: Engine Version: 4.18.2-3794801+++UE4+Release-4.18
LogInit: Compatible Engine Version: 4.18.0-3709383+++UE4+Release-4.18
LogInit: Net CL: 3709383
LogDevObjectVersion: Number of dev versions registered: 16
LogDevObjectVersion:   Dev-Blueprints (B0D832E4-1F89-4F0D-ACCF-7EB736FD4AA2): 10
LogDevObjectVersion:   Dev-Build (E1C64328-A22C-4D53-A36C-8E866417BD8C): 0
LogDevObjectVersion:   Dev-Core (375EC13C-06E4-48FB-B500-84F0262A717E): 2
LogDevObjectVersion:   Dev-Editor (E4B068ED-F494-42E9-A231-DA0B2E46BB41): 20
LogDevObjectVersion:   Dev-Framework (CFFC743F-43B0-4480-9391-14DF171D2073): 30
LogDevObjectVersion:   Dev-Mobile (B02B49B5-BB20-44E9-A304-32B752E40360): 0
LogDevObjectVersion:   Dev-Networking (A4E4105C-59A1-49B5-A7C5-40C4547EDFEE): 0
LogDevObjectVersion:   Dev-Online (39C831C9-5AE6-47DC-9A44-9C173E1C8E7C): 0
LogDevObjectVersion:   Dev-Physics (78F01B33-EBEA-4F98-B9B4-84EACCB95AA2): 0
LogDevObjectVersion:   Dev-Platform (6631380F-2D4D-43E0-8009-CF276956A95A): 0
LogDevObjectVersion:   Dev-Rendering (12F88B9F-8875-4AFC-A67C-D90C383ABD29): 20
LogDevObjectVersion:   Dev-Sequencer (7B5AE74C-D270-4C10-A958-57980B212A5A): 4
LogDevObjectVersion:   Dev-VR (D7296918-1DD6-4BDD-9DE2-64A83CC13884): 0
LogDevObjectVersion:   Dev-LoadTimes (C2A15278-BFE7-4AFE-6C17-90FF531DF755): 1
LogDevObjectVersion:   Private-Geometry (6EACA3D4-40EC-4CC1-B786-8BED09428FC5): 1
LogDevObjectVersion:   Dev-AnimPhys (29E575DD-E0A3-4627-9D10-D276232CDCEA): 12
LogInit: Compiled (64-bit): Dec  8 2017 02:04:53
LogInit: Compiled with Visual C++: 19.00.24215.01
LogInit: Build Configuration: Development
LogInit: Branch Name: ++UE4+Release-4.18
LogInit: Command line:  
LogInit: Base directory: C:/Program Files (x86)/Epic Games/UE_4.18/Engine/Binaries/Win64/
LogInit: Installed Engine Build: 1
LogInit: Presizing for max 8388607 objects, including 0 objects not considered by GC, pre-allocating 0 bytes for permanent pool.
LogInit: Object subsystem initialized
[2018.01.24-16.48.12:664][  0]LogInit: Selected Device Profile: [Windows]
[2018.01.24-16.48.12:664][  0]LogInit: Applying CVar settings loaded from the selected device profile: [Windows]
[2018.01.24-16.48.12:679][  0]LogInit: Computer: TRJ208-11
[2018.01.24-16.48.12:680][  0]LogInit: User: 17093414
[2018.01.24-16.48.12:680][  0]LogInit: CPU Page size=4096, Cores=4
[2018.01.24-16.48.12:680][  0]LogInit: High frequency timer resolution =3.507705 MHz
[2018.01.24-16.48.12:680][  0]LogMemory: Memory total: Physical=31.8GB (32GB approx)
[2018.01.24-16.48.12:680][  0]LogMemory: Platform Memory Stats for Windows
[2018.01.24-16.48.12:680][  0]LogMemory: Process Physical Memory: 275.53 MB used, 275.53 MB peak
[2018.01.24-16.48.12:680][  0]LogMemory: Process Virtual Memory: 272.74 MB used, 272.74 MB peak
[2018.01.24-16.48.12:680][  0]LogMemory: Physical Memory: 6164.20 MB used,  26444.53 MB free, 32608.73 MB total
[2018.01.24-16.48.12:680][  0]LogMemory: Virtual Memory: 628.50 MB used,  26444.53 MB free, 8388608.00 MB total
[2018.01.24-16.48.12:786][  0]LogInit: Using OS detected language (en-GB).
[2018.01.24-16.48.12:786][  0]LogInit: Using OS detected locale (en-GB).
[2018.01.24-16.48.12:788][  0]LogTextLocalizationManager: No specific localization for 'en-GB' exists, so the 'en' localization will be used.
[2018.01.24-16.48.13:133][  0]LogWindows: Failed to load 'shcore.dll' (GetLastError=126)
[2018.01.24-16.48.13:133][  0]LogWindows: File 'shcore.dll' does not exist
[2018.01.24-16.48.13:133][  0]LogInit: Setting process to DPI aware
[2018.01.24-16.48.13:136][  0]LogWindows: Failed to load 'shcore.dll' (GetLastError=126)
[2018.01.24-16.48.13:136][  0]LogWindows: File 'shcore.dll' does not exist
[2018.01.24-16.48.13:136][  0]LogInit: Setting process to DPI aware
[2018.01.24-16.48.13:303][  0]LogD3D11RHI: D3D11 adapters:
[2018.01.24-16.48.13:322][  0]LogD3D11RHI:    0. 'NVIDIA GeForce GTX 970' (Feature Level 11_0)
[2018.01.24-16.48.13:322][  0]LogD3D11RHI:       4007/0/16048 MB DedicatedVideo/DedicatedSystem/SharedSystem, Outputs:1, VendorId:0x10de
[2018.01.24-16.48.13:329][  0]LogD3D11RHI:    1. 'Intel(R) HD Graphics 4600' (Feature Level 11_0)
[2018.01.24-16.48.13:329][  0]LogD3D11RHI:       192/0/1632 MB DedicatedVideo/DedicatedSystem/SharedSystem, Outputs:0, VendorId:0x8086
[2018.01.24-16.48.13:329][  0]LogD3D11RHI: Chosen D3D11 Adapter: 0
[2018.01.24-16.48.13:333][  0]LogD3D11RHI: Creating new Direct3DDevice
[2018.01.24-16.48.13:333][  0]LogD3D11RHI:     GPU DeviceId: 0x13c2 (for the marketing name, search the web for "GPU Device Id")
[2018.01.24-16.48.13:333][  0]LogWindows: EnumDisplayDevices:
[2018.01.24-16.48.13:333][  0]LogWindows:    0. 'NVIDIA GeForce GTX 970' (P:1 D:1)
[2018.01.24-16.48.13:334][  0]LogWindows:    1. 'NVIDIA GeForce GTX 970' (P:0 D:0)
[2018.01.24-16.48.13:334][  0]LogWindows:    2. 'NVIDIA GeForce GTX 970' (P:0 D:0)
[2018.01.24-16.48.13:334][  0]LogWindows:    3. 'NVIDIA GeForce GTX 970' (P:0 D:0)
[2018.01.24-16.48.13:334][  0]LogWindows:    4. 'Intel(R) HD Graphics 4600' (P:0 D:0)
[2018.01.24-16.48.13:334][  0]LogWindows:    5. 'Intel(R) HD Graphics 4600' (P:0 D:0)
[2018.01.24-16.48.13:334][  0]LogWindows:    6. 'Intel(R) HD Graphics 4600' (P:0 D:0)
[2018.01.24-16.48.13:334][  0]LogWindows:    7. 'RDPDD Chained DD' (P:0 D:0)
[2018.01.24-16.48.13:334][  0]LogWindows:    8. 'RDP Encoder Mirror Driver' (P:0 D:0)
[2018.01.24-16.48.13:334][  0]LogWindows:    9. 'RDP Reflector Display Driver' (P:0 D:0)
[2018.01.24-16.48.13:334][  0]LogWindows: DebugString: PrimaryIsNotTheChoosenAdapter PrimaryIsNotTheChoosenAdapter PrimaryIsNotTheChoosenAdapter GetVideoDriverDetailsInvalid PrimaryIsNotTheChoosenAdapter GetVideoDriverDetailsInvalid PrimaryIsNotTheChoosenAdapter GetVideoDriverDetailsInvalid PrimaryIsNotTheChoosenAdapter FoundDriverCount:4 
[2018.01.24-16.48.13:334][  0]LogD3D11RHI:     Adapter Name: NVIDIA GeForce GTX 970
[2018.01.24-16.48.13:334][  0]LogD3D11RHI:   Driver Version: 384.94 (internal:22.21.13.8494, unified:384.94)
[2018.01.24-16.48.13:334][  0]LogD3D11RHI:      Driver Date: 7-18-2017
[2018.01.24-16.48.13:334][  0]LogRHI: Texture pool is 2805 MB (70% of 4007 MB)
[2018.01.24-16.48.13:342][  0]LogD3D11RHI: Async texture creation enabled
[2018.01.24-16.48.13:356][  0]LogD3D11RHI: GPU Timing Frequency: 1000.000000 (Debug: 2 2)
[2018.01.24-16.48.13:357][  0]LogShaderCompilers: Guid format shader working directory is -17 characters bigger than the processId version (F:/My Documents/Unreal Projects/Group-D-Ass2-Game/ProjectEspionage/Intermediate/Shaders/WorkingDirectory/8460/).
[2018.01.24-16.48.13:357][  0]LogShaderCompilers: Cleaned the shader compiler working directory 'C:/Users/17093414/AppData/Local/Temp/UnrealShaderWorkingDir/146D7FDB4F02EDAB3582729E42A06643/'.
[2018.01.24-16.48.13:357][  0]LogShaderCompilers: Display: Using Local Shader Compiler.
[2018.01.24-16.48.14:111][  0]LogTemp: Display: Loaded TP AllDesktopTargetPlatform
[2018.01.24-16.48.14:150][  0]LogTemp: Display: Loaded TP MacClientTargetPlatform
[2018.01.24-16.48.14:189][  0]LogTemp: Display: Loaded TP MacNoEditorTargetPlatform
[2018.01.24-16.48.14:228][  0]LogTemp: Display: Loaded TP MacServerTargetPlatform
[2018.01.24-16.48.14:266][  0]LogTemp: Display: Loaded TP MacTargetPlatform
[2018.01.24-16.48.14:305][  0]LogTemp: Display: Loaded TP WindowsClientTargetPlatform
[2018.01.24-16.48.14:346][  0]LogTemp: Display: Loaded TP WindowsNoEditorTargetPlatform
[2018.01.24-16.48.14:388][  0]LogTemp: Display: Loaded TP WindowsServerTargetPlatform
[2018.01.24-16.48.14:423][  0]LogTemp: Display: Loaded TP WindowsTargetPlatform
[2018.01.24-16.48.14:461][  0]LogTemp: Display: Loaded TP Android_ASTCTargetPlatform
[2018.01.24-16.48.14:500][  0]LogTemp: Display: Loaded TP Android_ATCTargetPlatform
[2018.01.24-16.48.14:542][  0]LogTemp: Display: Loaded TP Android_DXTTargetPlatform
[2018.01.24-16.48.14:582][  0]LogTemp: Display: Loaded TP Android_ETC1TargetPlatform
[2018.01.24-16.48.14:621][  0]LogTemp: Display: Loaded TP Android_ETC2TargetPlatform
[2018.01.24-16.48.14:700][  0]LogTemp: Display: Loaded TP Android_MultiTargetPlatform
[2018.01.24-16.48.14:700][  0]LogTemp: Display: Loaded TP Android_PVRTCTargetPlatform
[2018.01.24-16.48.14:739][  0]LogTemp: Display: Loaded TP AndroidTargetPlatform
[2018.01.24-16.48.14:767][  0]LogTemp: Display: Loaded TP HTML5TargetPlatform
[2018.01.24-16.48.14:839][  0]LogTemp: Display: Loaded TP IOSTargetPlatform
[2018.01.24-16.48.14:862][  0]LogTemp: Display: Loaded TP TVOSTargetPlatform
[2018.01.24-16.48.14:902][  0]LogTemp: Display: Loaded TP LinuxClientTargetPlatform
[2018.01.24-16.48.14:940][  0]LogTemp: Display: Loaded TP LinuxNoEditorTargetPlatform
[2018.01.24-16.48.14:981][  0]LogTemp: Display: Loaded TP LinuxServerTargetPlatform
[2018.01.24-16.48.15:021][  0]LogTemp: Display: Loaded TP LinuxTargetPlatform
[2018.01.24-16.48.15:021][  0]LogTargetPlatformManager: Display: Building Assets For Windows
[2018.01.24-16.48.15:335][  0]LogDerivedDataCache: Display: Max Cache Size: 512 MB
[2018.01.24-16.48.15:397][  0]LogDerivedDataCache: Loaded boot cache 0.06s 69MB C:/Users/17093414/AppData/Local/UnrealEngine/4.18/DerivedDataCache/Boot.ddc.
[2018.01.24-16.48.15:397][  0]LogDerivedDataCache: Display: Loaded Boot cache: C:/Users/17093414/AppData/Local/UnrealEngine/4.18/DerivedDataCache/Boot.ddc
[2018.01.24-16.48.15:398][  0]LogDerivedDataCache: FDerivedDataBackendGraph:  Pak pak cache file F:/My Documents/Unreal Projects/Group-D-Ass2-Game/ProjectEspionage/DerivedDataCache/DDC.ddp not found, will not use a pak cache.
[2018.01.24-16.48.15:398][  0]LogDerivedDataCache: Unable to find inner node Pak for hierarchical cache Hierarchy.
[2018.01.24-16.48.15:398][  0]LogDerivedDataCache: FDerivedDataBackendGraph:  CompressedPak pak cache file F:/My Documents/Unreal Projects/Group-D-Ass2-Game/ProjectEspionage/DerivedDataCache/Compressed.ddp not found, will not use a pak cache.
[2018.01.24-16.48.15:398][  0]LogDerivedDataCache: Unable to find inner node CompressedPak for hierarchical cache Hierarchy.
[2018.01.24-16.48.15:414][  0]LogDerivedDataCache: Display: Pak cache opened for reading ../../../Engine/DerivedDataCache/Compressed.ddp.
[2018.01.24-16.48.15:425][  0]LogDerivedDataCache: Using Local data cache path C:/Users/17093414/AppData/Local/UnrealEngine/Common/DerivedDataCache: Writable
[2018.01.24-16.48.15:435][  0]LogMaterial: Verifying Global Shaders for PCD3D_SM5
[2018.01.24-16.48.15:435][  0]LogSlate: Using Freetype 2.6.0
[2018.01.24-16.48.15:435][  0]LogSlate: SlateFontCache - WITH_FREETYPE: 1, WITH_HARFBUZZ: 1
[2018.01.24-16.48.15:435][  0]LogSlate: SlateFontCache - WITH_FREETYPE: 1, WITH_HARFBUZZ: 1
[2018.01.24-16.48.15:768][  0]LogInit: Selected Device Profile: [Windows]
[2018.01.24-16.48.16:023][  0]LogSimplygon: Simplygon DLL not present - disabling.
[2018.01.24-16.48.16:051][  0]LogMeshReduction: Using SimplygonSwarm for distributed automatic mesh merging
[2018.01.24-16.48.16:051][  0]LogMeshReduction: Using QuadricMeshReduction for automatic static mesh reduction
[2018.01.24-16.48.16:051][  0]LogMeshReduction: No automatic skeletal mesh reduction module available
[2018.01.24-16.48.16:051][  0]LogMeshReduction: No automatic mesh merging module available
[2018.01.24-16.48.16:051][  0]LogMeshMerging: No automatic mesh merging module available
[2018.01.24-16.48.16:071][  0]LogNetVersion: ProjectEspionage , NetCL: 3709383, EngineNetVer: 2, GameNetVer: 0 (Checksum: 40603988)
[2018.01.24-16.48.16:206][  0]LogAssetRegistry: FAssetRegistry took 0.0236 seconds to start up
