"../../../ProjectEspionage/Content/AI/Tasks/Move_Near_Player.uasset" 0
"../../../ProjectEspionage/Content/AI/Tasks/Turn_Around.uasset" 1
"../../../ProjectEspionage/Content/Geometry/Meshes/CubeMaterial.uasset" 2
"../../../ProjectEspionage/Content/Geometry/Meshes/TemplateFloor.uasset" 3
"../../../ProjectEspionage/Content/Mannequin/Character/Mesh/UE4_Mannequin_Skeleton.uasset" 4
"../../../ProjectEspionage/Content/Mannequin/Animations/ThirdPersonJump_End.uasset" 5
"../../../ProjectEspionage/Content/Mannequin/Animations/ThirdPerson_Jump.uasset" 6
"../../../ProjectEspionage/Content/Mannequin/Animations/ThirdPersonJump_Loop.uasset" 7
"../../../ProjectEspionage/Content/Mannequin/Animations/ThirdPersonJump_Start.uasset" 8
"../../../ProjectEspionage/Content/Mannequin/Animations/ThirdPersonIdle.uasset" 9
"../../../ProjectEspionage/Content/Mannequin/Animations/ThirdPersonRun.uasset" 10
"../../../ProjectEspionage/Content/Mannequin/Animations/ThirdPersonWalk.uasset" 11
"../../../ProjectEspionage/Content/Mannequin/Animations/ThirdPerson_IdleRun_2D.uasset" 12
"../../../Engine/Content/EditorBlueprintResources/StandardMacros.uasset" 13
"../../../ProjectEspionage/Content/Mannequin/Animations/ThirdPerson_AnimBP.uasset" 14
"../../../Engine/Content/Functions/Engine_MaterialFunctions02/Utility/BlendAngleCorrectedNormals.uasset" 15
"../../../Engine/Content/Functions/MaterialLayerFunctions/MatLayerBlend_NormalBlend.uasset" 16
"../../../Engine/Content/Functions/MaterialLayerFunctions/MatLayerBlend_Simple.uasset" 17
"../../../ProjectEspionage/Content/Mannequin/Character/Materials/MaterialLayers/T_ML_Rubber_Blue_01_D.uasset" 18
"../../../ProjectEspionage/Content/Mannequin/Character/Materials/MaterialLayers/T_ML_Rubber_Blue_01_N.uasset" 19
"../../../ProjectEspionage/Content/Mannequin/Character/Materials/MaterialLayers/ML_GlossyBlack_Latex_UE4.uasset" 20
"../../../ProjectEspionage/Content/Mannequin/Character/Materials/MaterialLayers/ML_Plastic_Shiny_Beige.uasset" 21
"../../../ProjectEspionage/Content/Mannequin/Character/Textures/UE4_LOGO_CARD.uasset" 22
"../../../ProjectEspionage/Content/Mannequin/Character/Materials/MaterialLayers/ML_Plastic_Shiny_Beige_LOGO.uasset" 23
"../../../ProjectEspionage/Content/Mannequin/Character/Materials/MaterialLayers/T_ML_Aluminum01.uasset" 24
"../../../ProjectEspionage/Content/Mannequin/Character/Materials/MaterialLayers/T_ML_Aluminum01_N.uasset" 25
"../../../ProjectEspionage/Content/Mannequin/Character/Materials/MaterialLayers/ML_SoftMetal_UE4.uasset" 26
"../../../ProjectEspionage/Content/Mannequin/Character/Textures/UE4_Mannequin__normals.uasset" 27
"../../../ProjectEspionage/Content/Mannequin/Character/Textures/UE4_Mannequin_MAT_MASKA.uasset" 28
"../../../ProjectEspionage/Content/Mannequin/Character/Materials/M_UE4Man_Body.uasset" 29
"../../../ProjectEspionage/Content/Mannequin/Character/Textures/UE4Man_Logo_N.uasset" 30
"../../../ProjectEspionage/Content/Mannequin/Character/Materials/M_UE4Man_ChestLogo.uasset" 31
"../../../ProjectEspionage/Content/Mannequin/Character/Mesh/SK_Mannequin_PhysicsAsset.uasset" 32
"../../../ProjectEspionage/Content/StarterContent/Materials/M_Basic_Wall.uasset" 33
"../../../ProjectEspionage/Content/StarterContent/Architecture/Pillar_50x500.uasset" 34
"../../../ProjectEspionage/Content/StarterContent/Architecture/Wall_400x300.uasset" 35
"../../../ProjectEspionage/Content/StarterContent/Architecture/Wall_400x400.uasset" 36
"../../../ProjectEspionage/Content/StarterContent/Architecture/Wall_500x500.uasset" 37
"../../../ProjectEspionage/Content/StarterContent/Architecture/Wall_Door_400x400.uasset" 38
"../../../ProjectEspionage/Content/StarterContent/Architecture/Wall_Window_400x400.uasset" 39
"../../../ProjectEspionage/Content/StarterContent/Audio/Light01_Cue.uasset" 40
"../../../ProjectEspionage/Content/StarterContent/Audio/Light02_Cue.uasset" 41
"../../../ProjectEspionage/Content/StarterContent/Audio/Explosion_Cue.uasset" 42
"../../../ProjectEspionage/Content/StarterContent/Textures/T_Burst_M.uasset" 43
"../../../ProjectEspionage/Content/StarterContent/Particles/Materials/M_Burst.uasset" 44
"../../../ProjectEspionage/Content/StarterContent/Textures/T_Explosion_SubUV.uasset" 45
"../../../ProjectEspionage/Content/StarterContent/Particles/Materials/M_explosion_subUV.uasset" 46
"../../../ProjectEspionage/Content/StarterContent/Particles/Materials/m_flare_01.uasset" 47
"../../../Engine/Content/Functions/Engine_MaterialFunctions01/Gradient/RadialGradient.uasset" 48
"../../../ProjectEspionage/Content/StarterContent/Particles/Materials/M_radial_ramp.uasset" 49
"../../../ProjectEspionage/Content/StarterContent/Textures/T_Smoke_SubUV.uasset" 50
"../../../ProjectEspionage/Content/StarterContent/Textures/T_Smoke_Tiled_D.uasset" 51
"../../../ProjectEspionage/Content/StarterContent/Particles/Materials/M_smoke_subUV.uasset" 52
"../../../ProjectEspionage/Content/StarterContent/Particles/P_Explosion.uasset" 53
"../../../ProjectEspionage/Content/StarterContent/Blueprints/Blueprint_Effect_Explosion.uasset" 54
"../../../Engine/Content/EditorMeshes/ColorCalibrator/T_ColorGrid.uasset" 55
"../../../ProjectEspionage/Content/StarterContent/Materials/M_ColorGrid_LowSpec.uasset" 56
"../../../ProjectEspionage/Content/StarterContent/Textures/T_Bush_D.uasset" 57
"../../../ProjectEspionage/Content/StarterContent/Textures/T_Bush_N.uasset" 58
"../../../ProjectEspionage/Content/StarterContent/Props/Materials/M_Bush.uasset" 59
"../../../ProjectEspionage/Content/StarterContent/Props/SM_Bush.uasset" 60
"../../../ProjectEspionage/Content/StarterContent/Textures/T_Chair_M.uasset" 61
"../../../ProjectEspionage/Content/StarterContent/Textures/T_Chair_N.uasset" 62
"../../../ProjectEspionage/Content/StarterContent/Props/Materials/M_Chair.uasset" 63
"../../../ProjectEspionage/Content/StarterContent/Props/SM_Couch.uasset" 64
"../../../ProjectEspionage/Content/StarterContent/Props/Materials/M_MaterialSphere.uasset" 65
"../../../ProjectEspionage/Content/StarterContent/Props/Materials/M_MaterialSphere_Plain.uasset" 66
"../../../ProjectEspionage/Content/StarterContent/Props/SM_MatPreviewMesh_02.uasset" 67
"../../../ProjectEspionage/Content/StarterContent/Textures/T_Detail_Rocky_N.uasset" 68
"../../../ProjectEspionage/Content/StarterContent/Textures/T_Rock_Basalt_D.uasset" 69
"../../../ProjectEspionage/Content/StarterContent/Textures/T_RockMesh_M.uasset" 70
"../../../ProjectEspionage/Content/StarterContent/Textures/T_RockMesh_N.uasset" 71
"../../../ProjectEspionage/Content/StarterContent/Props/Materials/M_Rock.uasset" 72
"../../../ProjectEspionage/Content/StarterContent/Props/SM_Rock.uasset" 73
"../../../ProjectEspionage/Content/StarterContent/Textures/T_Shelf_M.uasset" 74
"../../../ProjectEspionage/Content/StarterContent/Textures/T_Shelf_N.uasset" 75
"../../../ProjectEspionage/Content/StarterContent/Props/Materials/M_Shelf.uasset" 76
"../../../ProjectEspionage/Content/StarterContent/Props/SM_Shelf.uasset" 77
"../../../ProjectEspionage/Content/StarterContent/Materials/M_Basic_Floor.uasset" 78
"../../../ProjectEspionage/Content/StarterContent/Props/SM_Stairs.uasset" 79
"../../../ProjectEspionage/Content/StarterContent/Shapes/Shape_Cone.uasset" 80
"../../../ProjectEspionage/Content/StarterContent/Shapes/Shape_Cylinder.uasset" 81
"../../../ProjectEspionage/Content/StarterContent/Shapes/Shape_NarrowCapsule.uasset" 82
"../../../ProjectEspionage/Content/StarterContent/Shapes/Shape_Pipe_180.uasset" 83
"../../../ProjectEspionage/Content/StarterContent/Shapes/Shape_Pipe_90.uasset" 84
"../../../ProjectEspionage/Content/StarterContent/Shapes/Shape_Plane.uasset" 85
"../../../ProjectEspionage/Content/StarterContent/Shapes/Shape_Trim.uasset" 86
"../../../ProjectEspionage/Content/StarterContent/Shapes/Shape_Trim_90_In.uasset" 87
"../../../ProjectEspionage/Content/StarterContent/Shapes/Shape_Trim_90_Out.uasset" 88
"../../../ProjectEspionage/Content/StarterContent/Shapes/Shape_TriPyramid.uasset" 89
"../../../ProjectEspionage/Content/StarterContent/Shapes/Shape_Tube.uasset" 90
"../../../ProjectEspionage/Content/StarterContent/Shapes/Shape_Wedge_A.uasset" 91
"../../../ProjectEspionage/Content/StarterContent/Shapes/Shape_Wedge_B.uasset" 92
"../../../ProjectEspionage/Content/StarterContent/Shapes/Shape_WideCapsule.uasset" 93
"../../../ProjectEspionage/Content/TopDownBP/Assets/Table_1_2048x2048_Wood_1_NORM.uasset" 94
"../../../ProjectEspionage/Content/TopDownBP/Assets/Table_1_2048x2048_Wood_1_NORM_Mat.uasset" 95
"../../../ProjectEspionage/Content/StarterContent/Textures/T_MacroVariation.uasset" 96
"../../../ProjectEspionage/Content/StarterContent/Textures/T_Tech_Hex_Tile_M.uasset" 97
"../../../ProjectEspionage/Content/StarterContent/Textures/T_Tech_Hex_Tile_N.uasset" 98
"../../../ProjectEspionage/Content/StarterContent/Materials/M_Tech_Hex_Tile_Pulse.uasset" 99
"../../../ProjectEspionage/Content/StarterContent/Shapes/Shape_Pipe.uasset" 100
"../../../ProjectEspionage/Content/StarterContent/Shapes/Shape_QuadPyramid.uasset" 101
"../../../ProjectEspionage/Content/StarterContent/Shapes/Shape_Torus.uasset" 102
"../../../ProjectEspionage/Content/TopDownBP/Blueprints/BP_Key.uasset" 103
"../../../ProjectEspionage/Content/TopDownBP/Blueprints/BPKeyDespawn.uasset" 104
"../../../ProjectEspionage/Content/TopDownBP/StealthGuy/liam_Skeleton.uasset" 105
"../../../ProjectEspionage/Content/TopDownBP/StealthGuy/Animation/Button_Pushing.uasset" 106
"../../../ProjectEspionage/Content/TopDownBP/StealthGuy/Animation/Idle.uasset" 107
"../../../ProjectEspionage/Content/TopDownBP/StealthGuy/Animation/Standard_Run.uasset" 108
"../../../ProjectEspionage/Content/TopDownBP/StealthGuy/Animation/Zombie_Death.uasset" 109
"../../../ProjectEspionage/Content/TopDownBP/Blueprints/BPEndLevel.uasset" 110
"../../../ProjectEspionage/Content/TopDownBP/Blueprints/BPSpawnEndLevel.uasset" 111
"../../../ProjectEspionage/Content/TopDownBP/Character/HackingHUD2.uasset" 112
"../../../ProjectEspionage/Content/TopDownBP/Assets/60W_WHITE.uasset" 113
"../../../ProjectEspionage/Content/TopDownBP/Assets/A4_fbx_A4_05.uasset" 114
"../../../ProjectEspionage/Content/TopDownBP/Assets/100W_WHITE.uasset" 115
"../../../ProjectEspionage/Content/TopDownBP/Assets/Keyboard.uasset" 116
"../../../ProjectEspionage/Content/TopDownBP/Assets/HackingTerminal.uasset" 117
"../../../ProjectEspionage/Content/TopDownBP/Assets/HackingTerminal_Mat.uasset" 118
"../../../ProjectEspionage/Content/TopDownBP/Assets/monitor.uasset" 119
"../../../ProjectEspionage/Content/TopDownBP/Assets/Table_1_2048x2048_Wood_1_DIFF.uasset" 120
"../../../ProjectEspionage/Content/TopDownBP/Assets/Table_1_2048x2048_Wood_1_SPEC.uasset" 121
"../../../ProjectEspionage/Content/TopDownBP/Assets/Table_1_MAT.uasset" 122
"../../../ProjectEspionage/Content/TopDownBP/Assets/Table_1.uasset" 123
"../../../ProjectEspionage/Content/TopDownBP/Character/FailedHUD.uasset" 124
"../../../ProjectEspionage/Content/TopDownBP/Character/FinishedHUD.uasset" 125
"../../../ProjectEspionage/Content/TopDownBP/Character/GetKeyHUD.uasset" 126
"../../../ProjectEspionage/Content/TopDownBP/Character/StartHackHUD.uasset" 127
"../../../ProjectEspionage/Content/TopDownBP/Blueprints/BPHackingTerminal2.uasset" 128
"../../../ProjectEspionage/Content/TopDownBP/StealthGuy/Animation/BP_LiamAnimation.uasset" 129
"../../../ProjectEspionage/Content/AI/AI_Patroll_Blackboard.uasset" 130
"../../../ProjectEspionage/Content/AI/Tasks/Focus_On_Player.uasset" 131
"../../../ProjectEspionage/Content/AI/AI_helper/PathNode.uasset" 132
"../../../ProjectEspionage/Content/AI/Tasks/MoveToNextPoint.uasset" 133
"../../../ProjectEspionage/Content/AI/Tasks/Stop_Focus_On_Player.uasset" 134
"../../../ProjectEspionage/Content/AI/AI_Patroll_Behaviour.uasset" 135
"../../../ProjectEspionage/Content/Mannequin/Character/Mesh/SK_Mannequin.uasset" 136
"../../../ProjectEspionage/Content/AI/AI_Character.uasset" 137
"../../../ProjectEspionage/Content/AI/AI_Character_Controller.uasset" 138
"../../../ProjectEspionage/Content/AI/Security_Camera/Focus_Points.uasset" 139
"../../../ProjectEspionage/Content/AI/Security_Camera/Security_Camera.uasset" 140
"../../../Engine/Content/Functions/Engine_MaterialFunctions01/Density/ExponentialDensity.uasset" 141
"../../../Engine/Content/Functions/Engine_MaterialFunctions01/Gradient/RadialGradientExponential.uasset" 142
"../../../ProjectEspionage/Content/TopDownBP/Blueprints/M_Cursor_Decal.uasset" 143
"../../../ProjectEspionage/Content/TopDownBP/StealthGuy/Liam_Body_Diffuse.uasset" 144
"../../../ProjectEspionage/Content/TopDownBP/StealthGuy/Liam_Body_Gloss.uasset" 145
"../../../ProjectEspionage/Content/TopDownBP/StealthGuy/Liam_Body_Normal.uasset" 146
"../../../ProjectEspionage/Content/TopDownBP/StealthGuy/Liam_Body_Opacity.uasset" 147
"../../../ProjectEspionage/Content/TopDownBP/StealthGuy/Liam_Body_Specular.uasset" 148
"../../../ProjectEspionage/Content/TopDownBP/StealthGuy/Bodymat.uasset" 149
"../../../ProjectEspionage/Content/TopDownBP/StealthGuy/Liam_Bottom_Diffuse.uasset" 150
"../../../ProjectEspionage/Content/TopDownBP/StealthGuy/Liam_Bottom_Gloss.uasset" 151
"../../../ProjectEspionage/Content/TopDownBP/StealthGuy/Liam_Bottom_Normal.uasset" 152
"../../../ProjectEspionage/Content/TopDownBP/StealthGuy/Liam_Bottom_Opacity.uasset" 153
"../../../ProjectEspionage/Content/TopDownBP/StealthGuy/Liam_Bottom_Specular.uasset" 154
"../../../ProjectEspionage/Content/TopDownBP/StealthGuy/Bottommat.uasset" 155
"../../../ProjectEspionage/Content/TopDownBP/StealthGuy/Liam_Top_Diffuse.uasset" 156
"../../../ProjectEspionage/Content/TopDownBP/StealthGuy/Liam_Top_Normal.uasset" 157
"../../../ProjectEspionage/Content/TopDownBP/StealthGuy/Liam_Top_Normal_Mat.uasset" 158
"../../../ProjectEspionage/Content/TopDownBP/StealthGuy/Liam_Shoes_Diffuse.uasset" 159
"../../../ProjectEspionage/Content/TopDownBP/StealthGuy/Liam_Shoes_Gloss.uasset" 160
"../../../ProjectEspionage/Content/TopDownBP/StealthGuy/Liam_Shoes_Normal.uasset" 161
"../../../ProjectEspionage/Content/TopDownBP/StealthGuy/Liam_Shoes_Opacity.uasset" 162
"../../../ProjectEspionage/Content/TopDownBP/StealthGuy/Liam_Shoes_Specular.uasset" 163
"../../../ProjectEspionage/Content/TopDownBP/StealthGuy/Shoesmat.uasset" 164
"../../../ProjectEspionage/Content/TopDownBP/StealthGuy/liam_PhysicsAsset.uasset" 165
"../../../ProjectEspionage/Content/TopDownBP/StealthGuy/liam.uasset" 166
"../../../ProjectEspionage/Content/TopDownBP/Blueprints/TopDownCharacter.uasset" 167
"../../../ProjectEspionage/Content/TopDownBP/Character/HackingHUD.uasset" 168
"../../../ProjectEspionage/Content/TopDownBP/Blueprints/BPHackingTerminal.uasset" 169
"../../../ProjectEspionage/Content/TopDownBP/Blueprints/BPOpenHackingTerminal.uasset" 170
"../../../ProjectEspionage/Content/TopDownBP/StealthGuy/Liam_Top_Gloss.uasset" 171
"../../../ProjectEspionage/Content/TopDownBP/StealthGuy/Liam_Top_Opacity.uasset" 172
"../../../ProjectEspionage/Content/TopDownBP/StealthGuy/Liam_Top_Specular.uasset" 173
"../../../ProjectEspionage/Content/TopDownBP/StealthGuy/Topmat.uasset" 174
"../../../ProjectEspionage/Content/TopDownBP/StealthGuy/Animation/Quick_Roll_To_Run.uasset" 175
"../../../ProjectEspionage/Content/TopDownBP/StealthGuy/Animation/Waving.uasset" 176
"../../../Engine/Content/Functions/Engine_MaterialFunctions01/Opacity/CameraDepthFade.uasset" 177
"../../../Engine/Content/EngineMaterials/T_Default_Material_Grid_M.uasset" 178
"../../../Engine/Content/EngineMaterials/T_Default_Material_Grid_N.uasset" 179
"../../../Engine/Content/EngineMaterials/DefaultMaterial.uasset" 180
"../../../Engine/Content/BasicShapes/Cone.uasset" 181
"../../../Engine/Content/BasicShapes/Cylinder.uasset" 182
"../../../Engine/Content/EngineMaterials/WorldGridMaterial.uasset" 183
"../../../Engine/Content/BasicShapes/Plane.uasset" 184
"../../../Engine/Content/BasicShapes/Sphere.uasset" 185
"../../../Engine/Content/EditorLandscapeResources/DataLayer.uasset" 186
"../../../Engine/Content/EditorMaterials/GizmoMaterial.uasset" 187
"../../../Engine/Content/EditorMaterials/MAT_Groups_Toggle.uasset" 188
"../../../Engine/Content/EditorMaterials/MAT_Groups_Visibility.uasset" 189
"../../../Engine/Content/EditorMaterials/PreviewShadowIndicator.uasset" 190
"../../../Engine/Content/EditorMaterials/PreviewShadowIndicatorMaterial.uasset" 191
"../../../Engine/Content/EditorMaterials/MatineeGroups/MAT_ColorTrack.uasset" 192
"../../../Engine/Content/EditorMaterials/MatineeGroups/MAT_Groups_Anim.uasset" 193
"../../../Engine/Content/EditorMaterials/MatineeGroups/MAT_Groups_AudioMaster.uasset" 194
"../../../Engine/Content/EditorMaterials/MatineeGroups/MAT_Groups_Director.uasset" 195
"../../../Engine/Content/EditorMaterials/MatineeGroups/MAT_Groups_Event.uasset" 196
"../../../Engine/Content/EditorMaterials/MatineeGroups/MAT_Groups_Fade.uasset" 197
"../../../Engine/Content/EditorMaterials/MatineeGroups/MAT_Groups_Float.uasset" 198
"../../../Engine/Content/EditorMaterials/MatineeGroups/MAT_Groups_Move.uasset" 199
"../../../Engine/Content/EditorMaterials/MatineeGroups/MAT_Groups_Slomo.uasset" 200
"../../../Engine/Content/EditorMaterials/MatineeGroups/MAT_Groups_Sound.uasset" 201
"../../../Engine/Content/EditorMaterials/MatineeGroups/MAT_Groups_Vector.uasset" 202
"../../../Engine/Content/EditorMaterials/ParticleSystems/PSysThumbnail_NoImage.uasset" 203
"../../../Engine/Content/EditorMaterials/ParticleSystems/PSysThumbnail_OOD.uasset" 204
"../../../Engine/Content/EditorMaterials/Camera/CineMat.uasset" 205
"../../../Engine/Content/EditorMaterials/Camera/MI_CineMat_Rig.uasset" 206
"../../../Engine/Content/EditorMeshes/Camera/SM_CraneRig_Arm.uasset" 207
"../../../Engine/Content/EditorMeshes/Camera/SM_CraneRig_Base.uasset" 208
"../../../Engine/Content/EditorMeshes/Camera/SM_CraneRig_Body.uasset" 209
"../../../Engine/Content/EditorMeshes/Camera/SM_CraneRig_Mount.uasset" 210
"../../../Engine/Content/EditorMeshes/Camera/SM_RailRig_Mount.uasset" 211
"../../../Engine/Content/EditorMeshes/Camera/SM_RailRig_Track.uasset" 212
"../../../Engine/Content/EditorResources/BSPVertex.uasset" 213
"../../../Engine/Content/EditorResources/EmptyActor.uasset" 214
"../../../Engine/Content/EditorResources/S_Actor.uasset" 215
"../../../Engine/Content/EditorResources/S_Trigger.uasset" 216
"../../../Engine/Content/EditorResources/AudioIcons/S_AudioComponent.uasset" 217
"../../../Engine/Content/EditorResources/AudioIcons/S_AudioComponent_AutoActivate.uasset" 218
"../../../Engine/Content/EditorResources/LightIcons/S_LightError.uasset" 219
"../../../Engine/Content/EditorResources/SequenceRecorder/Countdown.uasset" 220
"../../../Engine/Content/EditorResources/SequenceRecorder/RecordingIndicator.uasset" 221
"../../../Engine/Content/EditorSounds/Notifications/CompileFailed.uasset" 222
"../../../Engine/Content/EditorSounds/Notifications/CompileFailed_Cue.uasset" 223
"../../../Engine/Content/EditorSounds/Notifications/CompileSuccess.uasset" 224
"../../../Engine/Content/EditorSounds/Notifications/CompileStart_Cue.uasset" 225
"../../../Engine/Content/EditorSounds/Notifications/CompileSuccess_Cue.uasset" 226
"../../../Engine/Content/EngineDamageTypes/DmgTypeBP_Environmental.uasset" 227
"../../../Engine/Content/EngineDebugMaterials/HeatmapGradient.uasset" 228
"../../../Engine/Content/EngineDebugMaterials/BoneWeightMaterial.uasset" 229
"../../../Engine/Content/EngineDebugMaterials/ClothMaterial.uasset" 230
"../../../Engine/Content/EngineDebugMaterials/ClothMaterial_WF.uasset" 231
"../../../Engine/Content/EngineDebugMaterials/DebugEditorMaterial.uasset" 232
"../../../Engine/Content/EngineDebugMaterials/DebugMeshMaterial.uasset" 233
"../../../Engine/Content/EngineDebugMaterials/GeomMaterial.uasset" 234
"../../../Engine/Content/EngineFonts/Faces/RobotoBold.uasset" 235
"../../../Engine/Content/EngineFonts/Faces/RobotoBoldItalic.uasset" 236
"../../../Engine/Content/EngineFonts/Faces/RobotoItalic.uasset" 237
"../../../Engine/Content/EngineFonts/Faces/RobotoLight.uasset" 238
"../../../Engine/Content/EngineFonts/Faces/RobotoRegular.uasset" 239
"../../../Engine/Content/EngineFonts/Roboto.uasset" 240
"../../../Engine/Content/EngineFonts/Faces/RobotoTiny.uasset" 241
"../../../Engine/Content/EngineFonts/RobotoTiny.uasset" 242
"../../../Engine/Content/EngineMaterials/DefaultBloomKernel.uasset" 243
"../../../Engine/Content/EngineMaterials/DefaultBokeh.uasset" 244
"../../../Engine/Content/EngineMaterials/DefaultDiffuse.uasset" 245
"../../../Engine/Content/EngineMaterials/DefaultDeferredDecalMaterial.uasset" 246
"../../../Engine/Content/EngineMaterials/DefaultLightFunctionMaterial.uasset" 247
"../../../Engine/Content/EngineMaterials/DefaultPhysicalMaterial.uasset" 248
"../../../Engine/Content/Functions/Engine_MaterialFunctions02/Utility/BreakOutFloat2Components.uasset" 249
"../../../Engine/Content/EngineMaterials/DefaultPostProcessMaterial.uasset" 250
"../../../Engine/Content/EngineFonts/RobotoDistanceField.uasset" 251
"../../../Engine/Content/EngineMaterials/DefaultTextMaterialOpaque.uasset" 252
"../../../Engine/Content/EngineMaterials/DefaultWhiteGrid.uasset" 253
"../../../Engine/Content/EngineMaterials/EditorBrushMaterial.uasset" 254
"../../../Engine/Content/EngineMaterials/Good64x64TilingNoiseHighFreq.uasset" 255
"../../../Engine/Content/EngineMaterials/MiniFont.uasset" 256
"../../../Engine/Content/EngineMaterials/InvalidLightmapSettings.uasset" 257
"../../../Engine/Content/EngineMaterials/M_InvalidLightmapSettings.uasset" 258
"../../../Engine/Content/Functions/Engine_MaterialFunctions02/WorldPositionOffset/CameraOffset.uasset" 259
"../../../Engine/Content/EngineMaterials/PhAT_JointLimitMaterial.uasset" 260
"../../../Engine/Content/EngineMaterials/PreintegratedSkinBRDF.uasset" 261
"../../../Engine/Content/EngineMaterials/RemoveSurfaceMaterial.uasset" 262
"../../../Engine/Content/EngineMaterials/WeightMapPlaceholderTexture.uasset" 263
"../../../Engine/Content/EngineResources/WhiteSquareTexture.uasset" 264
"../../../Engine/Content/EngineMaterials/Widget3DPassThrough.uasset" 265
"../../../Engine/Content/EngineMaterials/Widget3DPassThrough_Masked.uasset" 266
"../../../Engine/Content/EngineMaterials/Widget3DPassThrough_Opaque.uasset" 267
"../../../Engine/Content/EngineMaterials/Widget3DPassThrough_Masked_OneSided.uasset" 268
"../../../Engine/Content/EngineMaterials/Widget3DPassThrough_Opaque_OneSided.uasset" 269
"../../../Engine/Content/EngineMaterials/Widget3DPassThrough_Translucent.uasset" 270
"../../../Engine/Content/EngineMaterials/Widget3DPassThrough_Translucent_OneSided.uasset" 271
"../../../Engine/Content/EngineMeshes/Cube.uasset" 272
"../../../Engine/Content/EngineMeshes/Cylinder.uasset" 273
"../../../Engine/Content/EngineMeshes/Sphere.uasset" 274
"../../../Engine/Content/EngineResources/Black.uasset" 275
"../../../Engine/Content/EngineResources/DefaultTexture.uasset" 276
"../../../Engine/Content/EngineResources/DefaultTextureCube.uasset" 277
"../../../Engine/Content/EngineResources/GradientTexture0.uasset" 278
"../../../Engine/Content/EngineSounds/Master.uasset" 279
"../../../Engine/Content/Functions/Engine_MaterialFunctions01/Shading/ConvertFromDiffSpec.uasset" 280
"../../../Engine/Content/Functions/Engine_MaterialFunctions01/Shading/PowerToRoughness.uasset" 281
"../../../Engine/Content/Maps/Templates/Thumbnails/Default.uasset" 282
"../../../Engine/Content/Maps/Templates/Thumbnails/VR-Basic.uasset" 283
"../../../Engine/Content/MobileResources/T_MobileControls_texture.uasset" 284
"../../../Engine/Content/MobileResources/T_MobileMenu2.uasset" 285
"../../../Engine/Content/MobileResources/HUD/AnalogHat.uasset" 286
"../../../Engine/Content/MobileResources/HUD/VirtualJoystick_Background.uasset" 287
"../../../Engine/Content/MobileResources/HUD/VirtualJoystick_Thumb.uasset" 288
"../../../Engine/Content/MobileResources/HUD/DefaultVirtualJoysticks.uasset" 289
"../../../Engine/Content/MobileResources/HUD/LeftVirtualJoystickOnly.uasset" 290
"../../../Engine/Content/MobileResources/HUD/MobileHUDButton1_off.uasset" 291
"../../../Engine/Content/MobileResources/HUD/MobileHUDButton1_on.uasset" 292
"../../../Engine/Content/MobileResources/HUD/MobileHUDButton2_off.uasset" 293
"../../../Engine/Content/MobileResources/HUD/MobileHUDButton2_on.uasset" 294
"../../../Engine/Content/MobileResources/HUD/MobileHUDButton3.uasset" 295
"../../../Engine/Content/MobileResources/HUD/MobileHUDButtonFire.uasset" 296
"../../../Engine/Content/MobileResources/HUD/MobileHUDDirectionPad.uasset" 297
"../../../Engine/Content/MobileResources/HUD/MobileHUDDirectionPad2.uasset" 298
"../../../Engine/Content/MobileResources/HUD/MobileHUDDirectionPad3.uasset" 299
"../../../Engine/Content/MobileResources/HUD/MobileHUDDirectionStick.uasset" 300
"../../../Engine/Content/MobileResources/HUD/T_Castle_ThumbstickInner.uasset" 301
"../../../Engine/Content/MobileResources/HUD/T_Castle_ThumbstickOutter.uasset" 302
"../../../Engine/Content/Tutorial/ContentIntroCurve.uasset" 303
"../../../Engine/Content/Tutorial/Basics/TutorialAssets/icon_tab_Levels_40x.uasset" 304
"../../../Engine/Content/Tutorial/BlueprintTutorials/TutorialAssets/BlueprintInterface_64x.uasset" 305
"../../../Engine/Content/Tutorial/BlueprintTutorials/TutorialAssets/BlueprintMacroLibrary_64x.uasset" 306
"../../../Engine/Content/Tutorial/BlueprintTutorials/TutorialAssets/Blueprint_64x.uasset" 307
"../../../Engine/Content/Tutorial/BlueprintTutorials/TutorialAssets/Tutorial_BP_Interface.uasset" 308
"../../../Engine/Content/Tutorial/Foliage/TutorialAssets/Foliage.uasset" 309
"../../../Engine/Content/Tutorial/Landscape/TutorialAssets/Landscape.uasset" 310
"../../../Engine/Content/Tutorial/Paper2D/TutorialAssets/Paper2DFlipbook_TutorialIcon.uasset" 311
"../../../Engine/Content/Tutorial/Paper2D/TutorialAssets/Paper2DSprite_TutorialIcon.uasset" 312
"../../../Engine/Content/Tutorial/SubEditors/TutorialAssets/icon_Editor_Preferences_General_40x.uasset" 313
"../../../Engine/Content/Tutorial/SubEditors/TutorialAssets/icon_ShowSkeletalMeshes_40x.uasset" 314
"../../../Engine/Content/Tutorial/SubEditors/TutorialAssets/TutorialMaterial.uasset" 315
"../../../Engine/Content/Tutorial/SubEditors/TutorialAssets/T_SmokeSubUV_8X8.uasset" 316
"../../../Engine/Content/Tutorial/SubEditors/TutorialAssets/T_soft_smoke.uasset" 317
"../../../Engine/Content/Tutorial/SubEditors/TutorialAssets/M_smoke_subUV_blackbody.uasset" 318
"../../../Engine/Content/Tutorial/SubEditors/TutorialAssets/TutorialParticleSystem.uasset" 319
"../../../Engine/Content/VREditor/Devices/Generic/GenericHMDMaterial.uasset" 320
"../../../Engine/Content/VREditor/Devices/Generic/GenericHMD.uasset" 321
"../../../Engine/Content/VREditor/FloatingText/LineMaterial.uasset" 322
"../../../Engine/Content/VREditor/FloatingText/JointSphere.uasset" 323
"../../../Engine/Content/VREditor/FloatingText/LineSegmentCylinder.uasset" 324
"../../../Engine/Content/VREditor/Fonts/VRText_RobotoLarge.uasset" 325
"../../../Engine/Content/VREditor/Fonts/VRTextMaterial.uasset" 326
"../../../Engine/Content/VREditor/Fonts/TranslucentVRTextMaterial.uasset" 327
"../../../Engine/Content/VREditor/LaserPointer/CursorPointer.uasset" 328
"../../../Engine/Content/VREditor/LaserPointer/VR_LaserPower_01.uasset" 329
"../../../Engine/Content/VREditor/TransformGizmo/TransformGizmoMaterial.uasset" 330
"../../../Engine/Content/VREditor/LaserPointer/HoverMaterial.uasset" 331
"../../../Engine/Content/VREditor/TransformGizmo/TranslucentTransformGizmoMaterial.uasset" 332
"../../../Engine/Content/VREditor/LaserPointer/TranslucentHoverMaterial.uasset" 333
"../../../Engine/Content/VREditor/LaserPointer/HoverMesh.uasset" 334
"../../../Engine/Content/VREditor/LaserPointer/LaserPointerMaterial.uasset" 335
"../../../Engine/Content/VREditor/LaserPointer/LaserPointerMaterialInst.uasset" 336
"../../../Engine/Content/VREditor/LaserPointer/TranslucentLaserPointerMaterialInst.uasset" 337
"../../../Engine/Content/VREditor/LaserPointer/LaserPointerMesh.uasset" 338
"../../../Engine/Content/VREditor/LaserPointer/LaserPointerMesh_End.uasset" 339
"../../../Engine/Content/VREditor/LaserPointer/LaserPointerMesh_Start.uasset" 340
"../../../Engine/Content/Functions/Engine_MaterialFunctions02/Utility/BreakOutFloat3Components.uasset" 341
"../../../Engine/Content/Functions/Engine_MaterialFunctions02/Math/Transform3x3Matrix.uasset" 342
"../../../Engine/Content/Functions/Engine_MaterialFunctions02/SplitComponents.uasset" 343
"../../../Engine/Content/Functions/Engine_MaterialFunctions02/Utility/MakeFloat3.uasset" 344
"../../../Engine/Content/VREditor/SnapGrid/SnapGridMaterial.uasset" 345
"../../../Engine/Content/VREditor/SnapGrid/SnapGridPlaneMesh.uasset" 346
"../../../Engine/Content/VREditor/Sounds/VR_teleport.uasset" 347
"../../../Engine/Content/VREditor/Sounds/UI/Click_on_Button_Cue.uasset" 348
"../../../Engine/Content/VREditor/Sounds/UI/Dockable_Window_Close.uasset" 349
"../../../Engine/Content/VREditor/Sounds/UI/Dockable_Window_Drop.uasset" 350
"../../../Engine/Content/VREditor/Sounds/UI/Dockable_Window_Open.uasset" 351
"../../../Engine/Content/VREditor/Sounds/UI/Dockable_Window_Pick_Up.uasset" 352
"../../../Engine/Content/VREditor/Sounds/UI/Drop_Item_From_ContentBrowser.uasset" 353
"../../../Engine/Content/VREditor/Sounds/UI/Floating_UI_Open-001.uasset" 354
"../../../Engine/Content/VREditor/Sounds/UI/Gizmo_Handle_Clicked.uasset" 355
"../../../Engine/Content/VREditor/Sounds/UI/Object_PickUp.uasset" 356
"../../../Engine/Content/VREditor/Sounds/UI/Object_Snaps_To_Another_Actor.uasset" 357
"../../../Engine/Content/VREditor/Sounds/UI/Object_Snaps_To_Grid.uasset" 358
"../../../Engine/Content/VREditor/Sounds/UI/Radial_Menu_FadeOut.uasset" 359
"../../../Engine/Content/VREditor/Sounds/UI/Scaling_Down.uasset" 360
"../../../Engine/Content/VREditor/Sounds/UI/Scaling_Up.uasset" 361
"../../../Engine/Content/VREditor/Sounds/UI/Selection_Changes.uasset" 362
"../../../Engine/Content/VREditor/Sounds/UI/Teleport_Mode_Entered.uasset" 363
"../../../Engine/Content/VREditor/Teleport/TeleportDirectionMaterial.uasset" 364
"../../../Engine/Content/VREditor/Teleport/TeleportDirectionMaterial_Inst.uasset" 365
"../../../Engine/Content/VREditor/Teleport/TeleportDirectionMesh.uasset" 366
"../../../Engine/Content/VREditor/TransformGizmo/BoundingBoxCorner.uasset" 367
"../../../Engine/Content/VREditor/TransformGizmo/BoundingBoxEdge.uasset" 368
"../../../Engine/Content/VREditor/TransformGizmo/PlaneTranslationHandle.uasset" 369
"../../../Engine/Content/VREditor/TransformGizmo/RotationHandleFull.uasset" 370
"../../../Engine/Content/VREditor/TransformGizmo/RotationHandleIndicator.uasset" 371
"../../../Engine/Content/VREditor/TransformGizmo/RotationHandleQuarter.uasset" 372
"../../../Engine/Content/VREditor/TransformGizmo/Main.uasset" 373
"../../../Engine/Content/VREditor/TransformGizmo/Xray.uasset" 374
"../../../Engine/Content/VREditor/TransformGizmo/SM_Dialog_Close.uasset" 375
"../../../Engine/Content/VREditor/TransformGizmo/SM_Dialog_Move.uasset" 376
"../../../Engine/Content/VREditor/TransformGizmo/SM_Sequencer_Key.uasset" 377
"../../../Engine/Content/VREditor/TransformGizmo/SM_Sequencer_Node.uasset" 378
"../../../Engine/Content/VREditor/TransformGizmo/StartRotationHandleIndicator.uasset" 379
"../../../Engine/Content/VREditor/TransformGizmo/TranslucentTransformGizmoMaterial_Inst.uasset" 380
"../../../Engine/Content/VREditor/TransformGizmo/TransformGizmoFreeRotation.uasset" 381
"../../../Engine/Content/VREditor/TransformGizmo/TransformGizmoMaterial_Inst.uasset" 382
"../../../Engine/Content/VREditor/TransformGizmo/TranslateArrowHandle.uasset" 383
"../../../Engine/Content/VREditor/TransformGizmo/UniformScaleHandle.uasset" 384
"../../../Engine/Content/VREditor/UI/KeyDiskMaterial.uasset" 385
"../../../Engine/Content/VREditor/UI/DiscMaterial.uasset" 386
"../../../Engine/Content/VREditor/UI/SM_Radial_Disk.uasset" 387
"../../../Engine/Content/VREditor/WorldMovementGrid/SimpleGrid.uasset" 388
"../../../Engine/Content/VREditor/WorldMovementGrid/GridMaterial.uasset" 389
"../../../Engine/Content/VREditor/WorldMovementGrid/GridPostProcess.uasset" 390
"../../../Engine/Content/EditorLandscapeResources/FlattenHeightMat.uasset" 391
"../../../Engine/Content/VREditor/WorldMovementGrid/PlaneMesh.uasset" 392
"../../../Engine/Plugins/2D/Paper2D/Content/PlaceholderTextures/DummySpriteTexture.uasset" 393
"../../../Engine/Plugins/2D/Paper2D/Content/DummySprite.uasset" 394
"../../../Engine/Plugins/2D/Paper2D/Content/DefaultPaperTerrainMaterial.uasset" 395
"../../../Engine/Plugins/2D/Paper2D/Content/DefaultSpriteMaterial.uasset" 396
"../../../Engine/Plugins/2D/Paper2D/Content/MaskedUnlitSpriteMaterial.uasset" 397
"../../../Engine/Plugins/2D/Paper2D/Content/OpaqueUnlitSpriteMaterial.uasset" 398
"../../../Engine/Plugins/Media/MediaCompositing/Content/DefaultMediaPlaneMaterial.uasset" 399
"../../../Engine/Content/Functions/Engine_MaterialFunctions02/Utility/MakeFloat4.uasset" 400
"../../../Engine/Plugins/Runtime/AppleARKit/Content/ARKitCameraMaterial.uasset" 401
"../../../Engine/Plugins/Runtime/Oculus/OculusVR/Content/Textures/GearVRController_AO.uasset" 402
"../../../Engine/Plugins/Runtime/Oculus/OculusVR/Content/Textures/GearVRController_Color.uasset" 403
"../../../Engine/Plugins/Runtime/Oculus/OculusVR/Content/Textures/GearVRController_Normal.uasset" 404
"../../../Engine/Plugins/Runtime/Oculus/OculusVR/Content/Materials/GearVRControllerMaterial.uasset" 405
"../../../Engine/Plugins/Runtime/Oculus/OculusVR/Content/Meshes/GearVrController.uasset" 406
"../../../ProjectEspionage/Content/StarterContent/Blueprints/Assets/FogBrightnessLUT.uasset" 407
"../../../ProjectEspionage/Content/StarterContent/Blueprints/Assets/SunlightColorLUT.uasset" 408
"../../../ProjectEspionage/Content/StarterContent/Blueprints/Assets/M_LightStage_Arrows.uasset" 409
"../../../Engine/Content/MapTemplates/Sky/DaylightAmbientCubemap.uasset" 410
"../../../ProjectEspionage/Content/StarterContent/Blueprints/Assets/M_LightStage_Skybox_Master.uasset" 411
"../../../ProjectEspionage/Content/StarterContent/Blueprints/Assets/M_LightStage_Skybox_Black.uasset" 412
"../../../ProjectEspionage/Content/StarterContent/Blueprints/Assets/M_LightStage_Skybox_HDRI.uasset" 413
"../../../Engine/Content/EditorMaterials/Thumbnails/SkySphereMaterial.uasset" 414
"../../../ProjectEspionage/Content/StarterContent/Blueprints/Assets/Skybox.uasset" 415
"../../../ProjectEspionage/Content/StarterContent/Blueprints/Assets/SM_Arrows.uasset" 416
"../../../ProjectEspionage/Content/StarterContent/HDRI/HDRI_Epic_Courtyard_Daylight.uasset" 417
"../../../ProjectEspionage/Content/StarterContent/Blueprints/BP_LightStudio.uasset" 418
"../../../ProjectEspionage/Content/StarterContent/Materials/M_AssetPlatform.uasset" 419
"../../../Engine/Content/EditorMeshes/ColorCalibrator/M_ChromeBall.uasset" 420
"../../../Engine/Content/EditorMeshes/ColorCalibrator/M_ClearCoat.uasset" 421
"../../../Engine/Content/EditorMeshes/ColorCalibrator/M_ClearCoatBlack.uasset" 422
"../../../Engine/Content/EditorMeshes/ColorCalibrator/Color_checker.uasset" 423
"../../../Engine/Content/EditorMeshes/ColorCalibrator/M_ColorGrid.uasset" 424
"../../../Engine/Content/EditorMeshes/ColorCalibrator/M_GreyBall.uasset" 425
"../../../Engine/Content/EditorMeshes/ColorCalibrator/SM_ColorCalibrator.uasset" 426
"../../../ProjectEspionage/Content/StarterContent/Architecture/SM_AssetPlatform.uasset" 427
"../../../ProjectEspionage/Content/StarterContent/Maps/Advanced_Lighting.umap" 428
"../../../Engine/Content/EngineSky/C_Sky_Cloud_Color.uasset" 429
"../../../Engine/Content/EngineSky/C_Sky_Horizon_Color.uasset" 430
"../../../Engine/Content/EngineSky/C_Sky_Zenith_Color.uasset" 431
"../../../Engine/Content/EngineSky/T_Sky_Blue.uasset" 432
"../../../Engine/Content/EngineSky/T_Sky_Clouds_M.uasset" 433
"../../../Engine/Content/EngineSky/T_Sky_Stars.uasset" 434
"../../../Engine/Content/EngineSky/M_Sky_Panning_Clouds2.uasset" 435
"../../../Engine/Content/EngineSky/SM_SkySphere.uasset" 436
"../../../Engine/Content/EngineSky/BP_Sky_Sphere.uasset" 437
"../../../ProjectEspionage/Content/StarterContent/Materials/M_Metal_Brushed_Nickel.uasset" 438
"../../../ProjectEspionage/Content/StarterContent/Textures/T_Metal_Aluminum_D.uasset" 439
"../../../ProjectEspionage/Content/StarterContent/Textures/T_Metal_Gold_N.uasset" 440
"../../../ProjectEspionage/Content/StarterContent/Materials/M_Metal_Burnished_Steel.uasset" 441
"../../../ProjectEspionage/Content/StarterContent/Textures/T_Metal_Copper_D.uasset" 442
"../../../ProjectEspionage/Content/StarterContent/Materials/M_Metal_Copper.uasset" 443
"../../../ProjectEspionage/Content/StarterContent/Textures/T_Statue_M.uasset" 444
"../../../ProjectEspionage/Content/StarterContent/Textures/T_Statue_N.uasset" 445
"../../../ProjectEspionage/Content/StarterContent/Props/Materials/M_StatueGlass.uasset" 446
"../../../ProjectEspionage/Content/StarterContent/Architecture/Floor_400x400.uasset" 447
"../../../ProjectEspionage/Content/StarterContent/Audio/Starter_Background_Cue.uasset" 448
"../../../ProjectEspionage/Content/StarterContent/Props/SM_Chair.uasset" 449
"../../../ProjectEspionage/Content/StarterContent/Props/Materials/M_Statue.uasset" 450
"../../../ProjectEspionage/Content/StarterContent/Props/SM_Statue.uasset" 451
"../../../ProjectEspionage/Content/StarterContent/Textures/T_TableRound_M.uasset" 452
"../../../ProjectEspionage/Content/StarterContent/Textures/T_TableRound_N.uasset" 453
"../../../ProjectEspionage/Content/StarterContent/Props/Materials/M_TableRound.uasset" 454
"../../../ProjectEspionage/Content/StarterContent/Props/SM_TableRound.uasset" 455
"../../../ProjectEspionage/Content/StarterContent/Maps/Minimal_Default.umap" 456
"../../../ProjectEspionage/Content/StarterContent/Audio/Fire01_Cue.uasset" 457
"../../../ProjectEspionage/Content/StarterContent/Textures/T_Fire_SubUV.uasset" 458
"../../../ProjectEspionage/Content/StarterContent/Textures/T_Fire_Tiled_D.uasset" 459
"../../../ProjectEspionage/Content/StarterContent/Particles/Materials/M_Fire_SubUV.uasset" 460
"../../../ProjectEspionage/Content/StarterContent/Textures/T_Water_N.uasset" 461
"../../../ProjectEspionage/Content/StarterContent/Particles/Materials/M_Heat_Distortion.uasset" 462
"../../../ProjectEspionage/Content/StarterContent/Particles/Materials/M_Radial_Gradient.uasset" 463
"../../../ProjectEspionage/Content/StarterContent/Particles/P_Fire.uasset" 464
"../../../ProjectEspionage/Content/StarterContent/Blueprints/Blueprint_Effect_Fire.uasset" 465
"../../../ProjectEspionage/Content/StarterContent/Audio/Smoke01_Cue.uasset" 466
"../../../ProjectEspionage/Content/StarterContent/Particles/P_Smoke.uasset" 467
"../../../ProjectEspionage/Content/StarterContent/Blueprints/Blueprint_Effect_Smoke.uasset" 468
"../../../ProjectEspionage/Content/StarterContent/Audio/Fire_Sparks01_Cue.uasset" 469
"../../../ProjectEspionage/Content/StarterContent/Textures/T_Spark_Core.uasset" 470
"../../../ProjectEspionage/Content/StarterContent/Particles/Materials/M_Spark.uasset" 471
"../../../ProjectEspionage/Content/StarterContent/Particles/P_Sparks.uasset" 472
"../../../ProjectEspionage/Content/StarterContent/Blueprints/Blueprint_Effect_Sparks.uasset" 473
"../../../ProjectEspionage/Content/StarterContent/Audio/Steam01_Cue.uasset" 474
"../../../ProjectEspionage/Content/StarterContent/Particles/P_Steam_Lit.uasset" 475
"../../../ProjectEspionage/Content/StarterContent/Blueprints/Blueprint_Effect_Steam.uasset" 476
"../../../ProjectEspionage/Content/StarterContent/Textures/T_Lamp_M.uasset" 477
"../../../ProjectEspionage/Content/StarterContent/Textures/T_Lamp_N.uasset" 478
"../../../ProjectEspionage/Content/StarterContent/Props/Materials/M_Lamp.uasset" 479
"../../../ProjectEspionage/Content/StarterContent/Props/SM_Lamp_Ceiling.uasset" 480
"../../../ProjectEspionage/Content/StarterContent/Blueprints/Blueprint_CeilingLight.uasset" 481
"../../../ProjectEspionage/Content/StarterContent/Props/SM_Lamp_Wall.uasset" 482
"../../../ProjectEspionage/Content/StarterContent/Blueprints/Blueprint_WallSconce.uasset" 483
"../../../Engine/Content/Functions/Engine_MaterialFunctions03/Procedurals/ComputeFilterWidth.uasset" 484
"../../../Engine/Content/EngineMaterials/AntiAliasedTextMaterialTranslucent.uasset" 485
"../../../ProjectEspionage/Content/StarterContent/Textures/T_Brick_Clay_Beveled_D.uasset" 486
"../../../ProjectEspionage/Content/StarterContent/Textures/T_Brick_Clay_Beveled_M.uasset" 487
"../../../ProjectEspionage/Content/StarterContent/Textures/T_Brick_Clay_Beveled_N.uasset" 488
"../../../ProjectEspionage/Content/StarterContent/Materials/M_Brick_Clay_Beveled.uasset" 489
"../../../ProjectEspionage/Content/StarterContent/Textures/T_Brick_Clay_New_D.uasset" 490
"../../../ProjectEspionage/Content/StarterContent/Textures/T_Brick_Clay_New_M.uasset" 491
"../../../ProjectEspionage/Content/StarterContent/Textures/T_Brick_Clay_New_N.uasset" 492
"../../../ProjectEspionage/Content/StarterContent/Materials/M_Brick_Clay_New.uasset" 493
"../../../ProjectEspionage/Content/StarterContent/Textures/T_Brick_Clay_Old_D.uasset" 494
"../../../ProjectEspionage/Content/StarterContent/Textures/T_Brick_Clay_Old_N.uasset" 495
"../../../ProjectEspionage/Content/StarterContent/Textures/T_Perlin_Noise_M.uasset" 496
"../../../ProjectEspionage/Content/StarterContent/Materials/M_Brick_Clay_Old.uasset" 497
"../../../ProjectEspionage/Content/StarterContent/Textures/T_Brick_Cut_Stone_D.uasset" 498
"../../../ProjectEspionage/Content/StarterContent/Textures/T_Brick_Cut_Stone_N.uasset" 499
"../../../ProjectEspionage/Content/StarterContent/Materials/M_Brick_Cut_Stone.uasset" 500
"../../../ProjectEspionage/Content/StarterContent/Textures/T_Brick_Hewn_Stone_D.uasset" 501
"../../../ProjectEspionage/Content/StarterContent/Textures/T_Brick_Hewn_Stone_M.uasset" 502
"../../../ProjectEspionage/Content/StarterContent/Textures/T_Brick_Hewn_Stone_N.uasset" 503
"../../../ProjectEspionage/Content/StarterContent/Materials/M_Brick_Hewn_Stone.uasset" 504
"../../../ProjectEspionage/Content/StarterContent/Textures/T_Ceramic_Tile_M.uasset" 505
"../../../ProjectEspionage/Content/StarterContent/Textures/T_Ceramic_Tile_N.uasset" 506
"../../../ProjectEspionage/Content/StarterContent/Textures/T_Rock_Marble_Polished_D.uasset" 507
"../../../ProjectEspionage/Content/StarterContent/Materials/M_Ceramic_Tile_Checker.uasset" 508
"../../../ProjectEspionage/Content/StarterContent/Textures/T_CobbleStone_Pebble_D.uasset" 509
"../../../ProjectEspionage/Content/StarterContent/Textures/T_CobbleStone_Pebble_M.uasset" 510
"../../../ProjectEspionage/Content/StarterContent/Textures/T_CobbleStone_Pebble_N.uasset" 511
"../../../ProjectEspionage/Content/StarterContent/Materials/M_CobbleStone_Pebble.uasset" 512
"../../../ProjectEspionage/Content/StarterContent/Textures/T_CobbleStone_Rough_D.uasset" 513
"../../../ProjectEspionage/Content/StarterContent/Textures/T_CobbleStone_Rough_N.uasset" 514
"../../../ProjectEspionage/Content/StarterContent/Textures/T_Gradinet_01.uasset" 515
"../../../ProjectEspionage/Content/StarterContent/Textures/T_Rock_Smooth_Granite_D.uasset" 516
"../../../ProjectEspionage/Content/StarterContent/Materials/M_CobbleStone_Rough.uasset" 517
"../../../ProjectEspionage/Content/StarterContent/Textures/T_CobbleStone_Smooth_D.uasset" 518
"../../../ProjectEspionage/Content/StarterContent/Textures/T_CobbleStone_Smooth_M.uasset" 519
"../../../ProjectEspionage/Content/StarterContent/Textures/T_CobbleStone_Smooth_N.uasset" 520
"../../../ProjectEspionage/Content/StarterContent/Materials/M_CobbleStone_Smooth.uasset" 521
"../../../ProjectEspionage/Content/StarterContent/Textures/T_Concrete_Grime_D.uasset" 522
"../../../ProjectEspionage/Content/StarterContent/Textures/T_Metal_Rust_N.uasset" 523
"../../../ProjectEspionage/Content/StarterContent/Materials/M_Concrete_Grime.uasset" 524
"../../../ProjectEspionage/Content/StarterContent/Textures/T_Concrete_Panels_D.uasset" 525
"../../../ProjectEspionage/Content/StarterContent/Textures/T_Concrete_Panels_N.uasset" 526
"../../../ProjectEspionage/Content/StarterContent/Materials/M_Concrete_Panels.uasset" 527
"../../../ProjectEspionage/Content/StarterContent/Textures/T_Concrete_Poured_D.uasset" 528
"../../../ProjectEspionage/Content/StarterContent/Textures/T_Concrete_Poured_N.uasset" 529
"../../../ProjectEspionage/Content/StarterContent/Materials/M_Concrete_Poured.uasset" 530
"../../../ProjectEspionage/Content/StarterContent/Textures/T_Concrete_Tiles_D.uasset" 531
"../../../ProjectEspionage/Content/StarterContent/Textures/T_Concrete_Tiles_M.uasset" 532
"../../../ProjectEspionage/Content/StarterContent/Textures/T_Concrete_Tiles_N.uasset" 533
"../../../ProjectEspionage/Content/StarterContent/Textures/T_Concrete_Tiles_Variation_M.uasset" 534
"../../../ProjectEspionage/Content/StarterContent/Materials/M_Concrete_Tiles.uasset" 535
"../../../ProjectEspionage/Content/StarterContent/Textures/T_Ground_Grass_D.uasset" 536
"../../../ProjectEspionage/Content/StarterContent/Textures/T_Ground_Grass_N.uasset" 537
"../../../ProjectEspionage/Content/StarterContent/Materials/M_Ground_Grass.uasset" 538
"../../../ProjectEspionage/Content/StarterContent/Textures/T_Ground_Gravel_D.uasset" 539
"../../../ProjectEspionage/Content/StarterContent/Textures/T_Ground_Gravel_N.uasset" 540
"../../../ProjectEspionage/Content/StarterContent/Materials/M_Ground_Gravel.uasset" 541
"../../../ProjectEspionage/Content/StarterContent/Textures/T_ground_Moss_D.uasset" 542
"../../../ProjectEspionage/Content/StarterContent/Textures/T_Ground_Moss_N.uasset" 543
"../../../ProjectEspionage/Content/StarterContent/Materials/M_Ground_Moss.uasset" 544
"../../../ProjectEspionage/Content/StarterContent/Materials/M_Metal_Chrome.uasset" 545
"../../../ProjectEspionage/Content/StarterContent/Textures/T_Metal_Gold_D.uasset" 546
"../../../ProjectEspionage/Content/StarterContent/Materials/M_Metal_Gold.uasset" 547
"../../../ProjectEspionage/Content/StarterContent/Textures/T_Metal_Rust_D.uasset" 548
"../../../ProjectEspionage/Content/StarterContent/Materials/M_Metal_Rust.uasset" 549
"../../../ProjectEspionage/Content/StarterContent/Textures/T_Metal_Steel_D.uasset" 550
"../../../ProjectEspionage/Content/StarterContent/Textures/T_Metal_Steel_N.uasset" 551
"../../../ProjectEspionage/Content/StarterContent/Materials/M_Metal_Steel.uasset" 552
"../../../ProjectEspionage/Content/StarterContent/Textures/T_Rock_Basalt_N.uasset" 553
"../../../ProjectEspionage/Content/StarterContent/Materials/M_Rock_Basalt.uasset" 554
"../../../ProjectEspionage/Content/StarterContent/Materials/M_Rock_Marble_Polished.uasset" 555
"../../../ProjectEspionage/Content/StarterContent/Textures/T_Rock_Sandstone_D.uasset" 556
"../../../ProjectEspionage/Content/StarterContent/Textures/T_Rock_Sandstone_N.uasset" 557
"../../../ProjectEspionage/Content/StarterContent/Materials/M_Rock_Sandstone.uasset" 558
"../../../ProjectEspionage/Content/StarterContent/Textures/T_Rock_Slate_D.uasset" 559
"../../../ProjectEspionage/Content/StarterContent/Textures/T_Rock_Slate_N.uasset" 560
"../../../ProjectEspionage/Content/StarterContent/Materials/M_Rock_Slate.uasset" 561
"../../../ProjectEspionage/Content/StarterContent/Textures/T_Checker_Noise_M.uasset" 562
"../../../ProjectEspionage/Content/StarterContent/Textures/T_Single_Tile_N.uasset" 563
"../../../ProjectEspionage/Content/StarterContent/Textures/T_Tech_Dot_M.uasset" 564
"../../../ProjectEspionage/Content/StarterContent/Textures/T_Tech_Dot_N.uasset" 565
"../../../ProjectEspionage/Content/StarterContent/Materials/M_Tech_Checker_Dot.uasset" 566
"../../../ProjectEspionage/Content/StarterContent/Materials/M_Tech_Hex_Tile.uasset" 567
"../../../ProjectEspionage/Content/StarterContent/Textures/T_Tech_Panel_M.uasset" 568
"../../../ProjectEspionage/Content/StarterContent/Textures/T_Tech_Panel_N.uasset" 569
"../../../ProjectEspionage/Content/StarterContent/Materials/M_Tech_Panel.uasset" 570
"../../../ProjectEspionage/Content/StarterContent/Materials/M_Water_Lake.uasset" 571
"../../../ProjectEspionage/Content/StarterContent/Textures/T_Water_M.uasset" 572
"../../../ProjectEspionage/Content/StarterContent/Materials/M_Water_Ocean.uasset" 573
"../../../ProjectEspionage/Content/StarterContent/Textures/T_Wood_Floor_Walnut_D.uasset" 574
"../../../ProjectEspionage/Content/StarterContent/Textures/T_Wood_Floor_Walnut_M.uasset" 575
"../../../ProjectEspionage/Content/StarterContent/Textures/T_Wood_Floor_Walnut_N.uasset" 576
"../../../ProjectEspionage/Content/StarterContent/Materials/M_Wood_Floor_Walnut_Polished.uasset" 577
"../../../Engine/Content/Functions/Engine_MaterialFunctions01/Opacity/AlphaOffset.uasset" 578
"../../../ProjectEspionage/Content/StarterContent/Materials/M_Wood_Floor_Walnut_Worn.uasset" 579
"../../../ProjectEspionage/Content/StarterContent/Textures/T_Wood_Oak_D.uasset" 580
"../../../ProjectEspionage/Content/StarterContent/Textures/T_Wood_Oak_N.uasset" 581
"../../../ProjectEspionage/Content/StarterContent/Materials/M_Wood_Oak.uasset" 582
"../../../ProjectEspionage/Content/StarterContent/Textures/T_Wood_Pine_D.uasset" 583
"../../../ProjectEspionage/Content/StarterContent/Textures/T_Wood_Pine_N.uasset" 584
"../../../ProjectEspionage/Content/StarterContent/Materials/M_Wood_Pine.uasset" 585
"../../../ProjectEspionage/Content/StarterContent/Textures/T_Wood_Walnut_D.uasset" 586
"../../../ProjectEspionage/Content/StarterContent/Textures/T_Wood_Walnut_N.uasset" 587
"../../../ProjectEspionage/Content/StarterContent/Materials/M_Wood_Walnut.uasset" 588
"../../../ProjectEspionage/Content/StarterContent/Architecture/Wall_400x200.uasset" 589
"../../../ProjectEspionage/Content/StarterContent/Architecture/Wall_Door_400x300.uasset" 590
"../../../ProjectEspionage/Content/StarterContent/Architecture/Wall_Window_400x300.uasset" 591
"../../../ProjectEspionage/Content/StarterContent/Audio/Collapse_Cue.uasset" 592
"../../../ProjectEspionage/Content/StarterContent/Audio/Starter_Music_Cue.uasset" 593
"../../../ProjectEspionage/Content/StarterContent/Textures/T_Dust_Particle_D.uasset" 594
"../../../ProjectEspionage/Content/StarterContent/Particles/Materials/M_Dust_Particle.uasset" 595
"../../../ProjectEspionage/Content/StarterContent/Particles/P_Ambient_Dust.uasset" 596
"../../../ProjectEspionage/Content/StarterContent/Props/MaterialSphere.uasset" 597
"../../../ProjectEspionage/Content/StarterContent/Textures/T_Frame_M.uasset" 598
"../../../ProjectEspionage/Content/StarterContent/Textures/T_Frame_N.uasset" 599
"../../../ProjectEspionage/Content/StarterContent/Props/Materials/M_Frame.uasset" 600
"../../../ProjectEspionage/Content/StarterContent/Props/SM_CornerFrame.uasset" 601
"../../../ProjectEspionage/Content/StarterContent/Props/SM_DoorFrame.uasset" 602
"../../../ProjectEspionage/Content/StarterContent/Materials/M_Glass.uasset" 603
"../../../ProjectEspionage/Content/StarterContent/Props/SM_GlassWindow.uasset" 604
"../../../ProjectEspionage/Content/StarterContent/Props/SM_PillarFrame.uasset" 605
"../../../ProjectEspionage/Content/StarterContent/Props/SM_PillarFrame300.uasset" 606
"../../../ProjectEspionage/Content/StarterContent/Props/SM_WindowFrame.uasset" 607
"../../../ProjectEspionage/Content/StarterContent/Shapes/Shape_Cube.uasset" 608
"../../../ProjectEspionage/Content/StarterContent/Shapes/Shape_Sphere.uasset" 609
"../../../ProjectEspionage/Content/StarterContent/Maps/StarterMap.umap" 610
"../../../ProjectEspionage/Content/TopDownBP/Blueprints/BPSpawnFinalKey.uasset" 611
"../../../ProjectEspionage/Content/StarterContent/Textures/T_Door_M.uasset" 612
"../../../ProjectEspionage/Content/StarterContent/Textures/T_Door_N.uasset" 613
"../../../ProjectEspionage/Content/StarterContent/Props/Materials/M_Door.uasset" 614
"../../../ProjectEspionage/Content/StarterContent/Props/SM_Door.uasset" 615
"../../../ProjectEspionage/Content/TopDownBP/Blueprints/AutoDoor.uasset" 616
"../../../ProjectEspionage/Content/TopDownBP/Blueprints/BPOpenDoor.uasset" 617
"../../../ProjectEspionage/Content/TopDownBP/Blueprints/BPOpenDoor2.uasset" 618
"../../../ProjectEspionage/Content/TopDownBP/Blueprints/BPOpenDoor4.uasset" 619
"../../../ProjectEspionage/Content/TopDownBP/Blueprints/BPOpenDoor5.uasset" 620
"../../../ProjectEspionage/Content/TopDownBP/Blueprints/Door.uasset" 621
"../../../ProjectEspionage/Content/TopDownBP/Blueprints/Door2.uasset" 622
"../../../ProjectEspionage/Content/TopDownBP/Blueprints/Door3.uasset" 623
"../../../ProjectEspionage/Content/TopDownBP/Blueprints/Door4.uasset" 624
"../../../ProjectEspionage/Content/TopDownBP/Blueprints/Door5.uasset" 625
"../../../ProjectEspionage/Content/TopDownBP/Blueprints/TopDownController.uasset" 626
"../../../ProjectEspionage/Content/TopDownBP/Blueprints/TopDownGameMode.uasset" 627
"../../../ProjectEspionage/Content/TopDownBP/Maps/TestMap_BuiltData.uasset" 628
"../../../ProjectEspionage/Content/TopDownBP/Assets/TexturesCom_StoneSurface_1024_albedo.uasset" 629
"../../../ProjectEspionage/Content/TopDownBP/Assets/TexturesCom_StoneSurface_1024_ao.uasset" 630
"../../../ProjectEspionage/Content/TopDownBP/Assets/TexturesCom_StoneSurface_1024_height.uasset" 631
"../../../ProjectEspionage/Content/TopDownBP/Assets/TexturesCom_StoneSurface_1024_normal.uasset" 632
"../../../ProjectEspionage/Content/TopDownBP/Assets/TexturesCom_StoneSurface_1024_roughness.uasset" 633
"../../../ProjectEspionage/Content/TopDownBP/Assets/StoneWall.uasset" 634
"../../../Engine/Content/BasicShapes/Cube.uasset" 635
"../../../ProjectEspionage/Content/Geometry/Meshes/1M_Cube.uasset" 636
"../../../ProjectEspionage/Content/TopDownBP/Maps/TestMap.umap" 637
"../../../ProjectEspionage/Content/Geometry/Meshes/1M_Cube_Chamfer.uasset" 638
"../../../ProjectEspionage/Content/TopDownBP/Maps/TopDownExampleMap.umap" 639
"../../../Engine/Content/Maps/Entry.umap" 640
